<?xml version="1.0" encoding="UTF-8"?>
<!-- Generated by org.testng.reporters.JUnitXMLReporter -->
<testsuite ignored="0" hostname="NikhilShivarkar-PC" failures="0" tests="14" name="Default test" time="73.327" errors="0" timestamp="2023-07-20T13:52:46 IST">
  <testcase classname="com.VMS.TestCases.TC_AlarmsJournalPageTest" name="openAlarmTab" time="0.075"/>
  <testcase classname="com.VMS.TestCases.TC_AlarmsJournalPageTest" name="verifyDoorLockedAlarm" time="5.174"/>
  <testcase classname="com.VMS.TestCases.TC_AlarmsJournalPageTest" name="verifyDoorUnlockedAlarm" time="5.222"/>
  <testcase classname="com.VMS.TestCases.TC_AlarmsJournalPageTest" name="verifyAccessGrantedCardAlarm" time="4.643"/>
  <testcase classname="com.VMS.TestCases.TC_AlarmsJournalPageTest" name="verifyAccessGrantedCardAlarmMasterAccess" time="4.565"/>
  <testcase classname="com.VMS.TestCases.TC_AlarmsJournalPageTest" name="verifyAccessDeniedCardAlarm" time="4.855"/>
  <testcase classname="com.VMS.TestCases.TC_AlarmsJournalPageTest" name="verifyAccessDeniedSecurityLevelAlarm" time="4.83"/>
  <testcase classname="com.VMS.TestCases.TC_AlarmsJournalPageTest" name="verifyDoorForcedOpenAlarm" time="4.515"/>
  <testcase classname="com.VMS.TestCases.TC_AlarmsJournalPageTest" name="verifyDoorHeldOpenAlarm" time="4.504"/>
  <testcase classname="com.VMS.TestCases.TC_AlarmsJournalPageTest" name="verifyDoorOpenAlarm" time="4.501"/>
  <testcase classname="com.VMS.TestCases.TC_AlarmsJournalPageTest" name="verifyDoorOverrideAutoResumeAlarm" time="4.73"/>
  <testcase classname="com.VMS.TestCases.TC_AlarmsJournalPageTest" name="verifyDoorClosedAlarm" time="4.532"/>
  <testcase classname="com.VMS.TestCases.TC_AlarmsJournalPageTest" name="verifyDoorOverrideEnableAlarm" time="4.54"/>
  <testcase classname="com.VMS.TestCases.TC_AlarmsJournalPageTest" name="verifyDoorOverrideDisableAlarm" time="4.62"/>
</testsuite> <!-- Default test -->
