<?xml version="1.0" encoding="UTF-8"?>
<!-- Generated by org.testng.reporters.JUnitXMLReporter -->
<testsuite ignored="0" hostname="NikhilShivarkar-PC" failures="1" tests="1" name="TestingSetup" time="0.293" errors="0" timestamp="2023-01-24T22:56:36 IST">
  <testcase classname="com.VMS.TestCases.TC_AlarmsPageTest" name="addVAXDigitalInputAlarm" time="0.02">
    <failure type="java.lang.NullPointerException" message="Cannot invoke &amp;quot;com.VMS.PageObject.vms_AlarmsPage.openAlarmsPage()&amp;quot; because &amp;quot;this.alarm&amp;quot; is null">
      <![CDATA[java.lang.NullPointerException: Cannot invoke "com.VMS.PageObject.vms_AlarmsPage.openAlarmsPage()" because "this.alarm" is null
at com.VMS.TestCases.TC_AlarmsPageTest.addVAXDigitalInputAlarm(TC_AlarmsPageTest.java:50)
at java.base/java.util.ArrayList.forEach(ArrayList.java:1511)
... Removed 25 stack frames]]>
    </failure>
  </testcase> <!-- addVAXDigitalInputAlarm -->
</testsuite> <!-- TestingSetup -->
