<?xml version="1.0" encoding="UTF-8"?>
<!-- Generated by org.testng.reporters.JUnitXMLReporter -->
<testsuite ignored="5" hostname="NikhilShivarkar-PC" failures="3" tests="3" name="TestingSetup" time="0.289" errors="0" timestamp="2023-08-07T15:16:07 IST">
  <testcase classname="com.VMS.TestCases.TC_ProcedurePageTest" name="addProcedureToAcknowledge" time="0.012">
    <failure type="java.lang.NullPointerException" message="Cannot invoke &amp;quot;com.VMS.PageObject.vms_ProcedurePage.clickOnNEWbtn()&amp;quot; because &amp;quot;this.procedure&amp;quot; is null">
      <![CDATA[java.lang.NullPointerException: Cannot invoke "com.VMS.PageObject.vms_ProcedurePage.clickOnNEWbtn()" because "this.procedure" is null
at com.VMS.TestCases.TC_ProcedurePageTest.addProcedureToAcknowledge(TC_ProcedurePageTest.java:37)
at java.base/java.util.ArrayList.forEach(ArrayList.java:1511)
... Removed 25 stack frames]]>
    </failure>
  </testcase> <!-- addProcedureToAcknowledge -->
  <testcase classname="com.VMS.TestCases.TC_ProcedurePageTest" name="addProcedureUserMustCommentToAcknowledge" time="0.001">
    <failure type="java.lang.NullPointerException" message="Cannot invoke &amp;quot;com.VMS.PageObject.vms_ProcedurePage.clickOnNEWbtn()&amp;quot; because &amp;quot;this.procedure&amp;quot; is null">
      <![CDATA[java.lang.NullPointerException: Cannot invoke "com.VMS.PageObject.vms_ProcedurePage.clickOnNEWbtn()" because "this.procedure" is null
at com.VMS.TestCases.TC_ProcedurePageTest.addProcedureUserMustCommentToAcknowledge(TC_ProcedurePageTest.java:52)
at java.base/java.util.ArrayList.forEach(ArrayList.java:1511)
... Removed 25 stack frames]]>
    </failure>
  </testcase> <!-- addProcedureUserMustCommentToAcknowledge -->
  <testcase classname="com.VMS.TestCases.TC_ProcedurePageTest" name="addProcedureToAttachFileForReference" time="0.001">
    <failure type="java.lang.NullPointerException" message="Cannot invoke &amp;quot;com.VMS.PageObject.vms_ProcedurePage.clickOnNEWbtn()&amp;quot; because &amp;quot;this.procedure&amp;quot; is null">
      <![CDATA[java.lang.NullPointerException: Cannot invoke "com.VMS.PageObject.vms_ProcedurePage.clickOnNEWbtn()" because "this.procedure" is null
at com.VMS.TestCases.TC_ProcedurePageTest.addProcedureToAttachFileForReference(TC_ProcedurePageTest.java:86)
at java.base/java.util.ArrayList.forEach(ArrayList.java:1511)
... Removed 25 stack frames]]>
    </failure>
  </testcase> <!-- addProcedureToAttachFileForReference -->
  <testcase classname="com.VMS.TestCases.TC_WebPagesTest" name="addAllWebpage" time="0.0">
    <ignored/>
  </testcase> <!-- addAllWebpage -->
  <testcase classname="com.VMS.TestCases.TC_ProcedurePageTest" name="verifyProcedurePageisOpened" time="0.0">
    <ignored/>
  </testcase> <!-- verifyProcedurePageisOpened -->
  <testcase classname="com.VMS.TestCases.TC_WebPagesTest" name="verifyWebPagesPageisOpened" time="0.0">
    <ignored/>
  </testcase> <!-- verifyWebPagesPageisOpened -->
  <testcase classname="com.VMS.TestCases.TC_WebPagesTest" name="deleteWebPages" time="0.0">
    <ignored/>
  </testcase> <!-- deleteWebPages -->
  <testcase classname="com.VMS.TestCases.TC_WebPagesTest" name="AddSingleWebPages" time="0.0">
    <ignored/>
  </testcase> <!-- AddSingleWebPages -->
</testsuite> <!-- TestingSetup -->
