<?xml version="1.0" encoding="UTF-8"?>
<!-- Generated by org.testng.reporters.JUnitXMLReporter -->
<testsuite ignored="6" hostname="NikhilShivarkar-PC" failures="10" tests="11" name="OldVMSVersionSetup(BeforeUpgrade)" time="1.556" errors="0" timestamp="2023-07-20T18:31:17 IST">
  <testcase classname="com.VMS.TestCases.TC_WebPagesTest" name="OpenWebPages" time="1.223"/>
  <testcase classname="com.VMS.TestCases.TC_WebPagesTest" name="addAllWebpage" time="0.045">
    <failure type="java.lang.NullPointerException" message="Cannot invoke &amp;quot;java.io.InputStream.markSupported()&amp;quot; because &amp;quot;stream&amp;quot; is null">
      <![CDATA[java.lang.NullPointerException: Cannot invoke "java.io.InputStream.markSupported()" because "stream" is null
at org.apache.poi.poifs.filesystem.FileMagic.prepareToCheckMagic(FileMagic.java:222)
at org.apache.poi.openxml4j.opc.internal.ZipHelper.openZipStream(ZipHelper.java:174)
at org.apache.poi.openxml4j.opc.ZipPackage.<init>(ZipPackage.java:130)
at org.apache.poi.openxml4j.opc.OPCPackage.open(OPCPackage.java:319)
at org.apache.poi.ooxml.util.PackageHelper.open(PackageHelper.java:59)
at org.apache.poi.xssf.usermodel.XSSFWorkbook.<init>(XSSFWorkbook.java:290)
at org.apache.poi.xssf.usermodel.XSSFWorkbook.<init>(XSSFWorkbook.java:286)
at com.VMS.TestCases.TC_WebPagesTest.addAllWebpage(TC_WebPagesTest.java:84)
at java.base/java.util.ArrayList.forEach(ArrayList.java:1511)
... Removed 25 stack frames]]>
    </failure>
  </testcase> <!-- addAllWebpage -->
  <testcase classname="com.VMS.TestCases.TC_ProcedurePageTest" name="OpenProcedurePage" time="0.001">
    <failure type="java.lang.NullPointerException" message="Cannot invoke &amp;quot;com.VMS.PageObject.vms_ProcedurePage.openProdecurepage()&amp;quot; because &amp;quot;this.procedure&amp;quot; is null">
      <![CDATA[java.lang.NullPointerException: Cannot invoke "com.VMS.PageObject.vms_ProcedurePage.openProdecurepage()" because "this.procedure" is null
at com.VMS.TestCases.TC_ProcedurePageTest.OpenProcedurePage(TC_ProcedurePageTest.java:11)
at java.base/java.util.ArrayList.forEach(ArrayList.java:1511)
... Removed 25 stack frames]]>
    </failure>
  </testcase> <!-- OpenProcedurePage -->
  <testcase classname="com.VMS.TestCases.TC_ProcedurePageTest" name="addProcedureToAcknowledge" time="0.001">
    <failure type="java.lang.NullPointerException" message="Cannot invoke &amp;quot;com.VMS.PageObject.vms_ProcedurePage.clickOnNEWbtn()&amp;quot; because &amp;quot;this.procedure&amp;quot; is null">
      <![CDATA[java.lang.NullPointerException: Cannot invoke "com.VMS.PageObject.vms_ProcedurePage.clickOnNEWbtn()" because "this.procedure" is null
at com.VMS.TestCases.TC_ProcedurePageTest.addProcedureToAcknowledge(TC_ProcedurePageTest.java:18)
at java.base/java.util.ArrayList.forEach(ArrayList.java:1511)
... Removed 25 stack frames]]>
    </failure>
  </testcase> <!-- addProcedureToAcknowledge -->
  <testcase classname="com.VMS.TestCases.TC_ProcedurePageTest" name="addProcedureUserMustCommentToAcknowledge" time="0.002">
    <failure type="java.lang.NullPointerException" message="Cannot invoke &amp;quot;com.VMS.PageObject.vms_ProcedurePage.clickOnNEWbtn()&amp;quot; because &amp;quot;this.procedure&amp;quot; is null">
      <![CDATA[java.lang.NullPointerException: Cannot invoke "com.VMS.PageObject.vms_ProcedurePage.clickOnNEWbtn()" because "this.procedure" is null
at com.VMS.TestCases.TC_ProcedurePageTest.addProcedureUserMustCommentToAcknowledge(TC_ProcedurePageTest.java:27)
at java.base/java.util.ArrayList.forEach(ArrayList.java:1511)
... Removed 25 stack frames]]>
    </failure>
  </testcase> <!-- addProcedureUserMustCommentToAcknowledge -->
  <testcase classname="com.VMS.TestCases.TC_ProcedurePageTest" name="addProcedureToOpenNextActionAfterAck" time="0.001">
    <failure type="java.lang.NullPointerException" message="Cannot invoke &amp;quot;com.VMS.PageObject.vms_ProcedurePage.clickOnNEWbtn()&amp;quot; because &amp;quot;this.procedure&amp;quot; is null">
      <![CDATA[java.lang.NullPointerException: Cannot invoke "com.VMS.PageObject.vms_ProcedurePage.clickOnNEWbtn()" because "this.procedure" is null
at com.VMS.TestCases.TC_ProcedurePageTest.addProcedureToOpenNextActionAfterAck(TC_ProcedurePageTest.java:38)
at java.base/java.util.ArrayList.forEach(ArrayList.java:1511)
... Removed 25 stack frames]]>
    </failure>
  </testcase> <!-- addProcedureToOpenNextActionAfterAck -->
  <testcase classname="com.VMS.TestCases.TC_ProcedurePageTest" name="addProcedureToAttachFileForReference" time="0.002">
    <failure type="java.lang.NullPointerException" message="Cannot invoke &amp;quot;com.VMS.PageObject.vms_ProcedurePage.clickOnNEWbtn()&amp;quot; because &amp;quot;this.procedure&amp;quot; is null">
      <![CDATA[java.lang.NullPointerException: Cannot invoke "com.VMS.PageObject.vms_ProcedurePage.clickOnNEWbtn()" because "this.procedure" is null
at com.VMS.TestCases.TC_ProcedurePageTest.addProcedureToAttachFileForReference(TC_ProcedurePageTest.java:50)
at java.base/java.util.ArrayList.forEach(ArrayList.java:1511)
... Removed 25 stack frames]]>
    </failure>
  </testcase> <!-- addProcedureToAttachFileForReference -->
  <testcase classname="com.VMS.TestCases.TC_MapTest" name="addNewMap" time="0.001">
    <failure type="java.lang.NullPointerException" message="Cannot invoke &amp;quot;com.VMS.PageObject.vms_MapPage.openMapPage()&amp;quot; because &amp;quot;this.Maps&amp;quot; is null">
      <![CDATA[java.lang.NullPointerException: Cannot invoke "com.VMS.PageObject.vms_MapPage.openMapPage()" because "this.Maps" is null
at com.VMS.TestCases.TC_MapTest.addNewMap(TC_MapTest.java:15)
at java.base/java.util.ArrayList.forEach(ArrayList.java:1511)
... Removed 25 stack frames]]>
    </failure>
  </testcase> <!-- addNewMap -->
  <testcase classname="com.VMS.TestCases.TC_MapTest" name="addNewMapInVMS" time="0.001">
    <failure type="java.lang.NullPointerException" message="Cannot invoke &amp;quot;com.VMS.PageObject.vms_MapPage.openNewMapForm()&amp;quot; because &amp;quot;this.Maps&amp;quot; is null">
      <![CDATA[java.lang.NullPointerException: Cannot invoke "com.VMS.PageObject.vms_MapPage.openNewMapForm()" because "this.Maps" is null
at com.VMS.TestCases.TC_MapTest.addNewMapInVMS(TC_MapTest.java:28)
at java.base/java.util.ArrayList.forEach(ArrayList.java:1511)
... Removed 25 stack frames]]>
    </failure>
  </testcase> <!-- addNewMapInVMS -->
  <testcase classname="com.VMS.TestCases.TC_NetworkingPageTest" name="enableVAXTab" time="0.001">
    <failure type="java.lang.NullPointerException" message="Cannot invoke &amp;quot;com.VMS.PageObject.vms_NetworkingPage.verifyVAXtabIsEnabled()&amp;quot; because &amp;quot;this.networking&amp;quot; is null">
      <![CDATA[java.lang.NullPointerException: Cannot invoke "com.VMS.PageObject.vms_NetworkingPage.verifyVAXtabIsEnabled()" because "this.networking" is null
at com.VMS.TestCases.TC_NetworkingPageTest.enableVAXTab(TC_NetworkingPageTest.java:10)
at java.base/java.util.ArrayList.forEach(ArrayList.java:1511)
... Removed 25 stack frames]]>
    </failure>
  </testcase> <!-- enableVAXTab -->
  <testcase classname="com.VMS.TestCases.TC_NetworkingPageTest" name="verifyIntegratedVAX" time="0.002">
    <failure type="java.lang.NullPointerException" message="Cannot invoke &amp;quot;com.VMS.PageObject.vms_NetworkingPage.verifyConfiguredVAX()&amp;quot; because &amp;quot;this.networking&amp;quot; is null">
      <![CDATA[java.lang.NullPointerException: Cannot invoke "com.VMS.PageObject.vms_NetworkingPage.verifyConfiguredVAX()" because "this.networking" is null
at com.VMS.TestCases.TC_NetworkingPageTest.verifyIntegratedVAX(TC_NetworkingPageTest.java:27)
at java.base/java.util.ArrayList.forEach(ArrayList.java:1511)
... Removed 25 stack frames]]>
    </failure>
  </testcase> <!-- verifyIntegratedVAX -->
  <testcase classname="com.VMS.TestCases.BaseClass" name="@AfterSuite tearDown" time="0.0">
    <ignored/>
  </testcase> <!-- @AfterSuite tearDown -->
  <testcase classname="com.VMS.TestCases.BaseClass" name="@AfterSuite tearDown" time="0.0">
    <ignored/>
  </testcase> <!-- @AfterSuite tearDown -->
  <testcase classname="com.VMS.TestCases.BaseClass" name="@AfterSuite tearDown" time="0.0">
    <ignored/>
  </testcase> <!-- @AfterSuite tearDown -->
  <testcase classname="com.VMS.TestCases.BaseClass" name="@BeforeSuite setup" time="0.0">
    <ignored/>
  </testcase> <!-- @BeforeSuite setup -->
  <testcase classname="com.VMS.TestCases.BaseClass" name="@BeforeSuite setup" time="0.0">
    <ignored/>
  </testcase> <!-- @BeforeSuite setup -->
  <testcase classname="com.VMS.TestCases.BaseClass" name="@BeforeSuite setup" time="0.0">
    <ignored/>
  </testcase> <!-- @BeforeSuite setup -->
</testsuite> <!-- OldVMSVersionSetup(BeforeUpgrade) -->
