<?xml version="1.0" encoding="UTF-8"?>
<!-- Generated by org.testng.reporters.JUnitXMLReporter -->
<testsuite ignored="1" hostname="NikhilShivarkar-PC" failures="1" tests="7" name="OldVMSVersionSetup(BeforeUpgrade)" time="105.001" errors="0" timestamp="2023-07-25T19:46:23 IST">
  <testcase classname="com.VMS.TestCases.TC_WebPagesTest" name="OpenWebPages" time="1.017"/>
  <testcase classname="com.VMS.TestCases.TC_WebPagesTest" name="AddSingleWebPages" time="3.801"/>
  <testcase classname="com.VMS.TestCases.TC_WebPagesTest" name="deleteWebPages" time="32.808"/>
  <testcase classname="com.VMS.TestCases.TC_WebPagesTest" name="addAllWebpage" time="30.128"/>
  <testcase classname="com.VMS.TestCases.TC_ProcedurePageTest" name="addProcedureToAcknowledge" time="1.043"/>
  <testcase classname="com.VMS.TestCases.TC_ProcedurePageTest" name="addProcedureUserMustCommentToAcknowledge" time="1.635"/>
  <testcase classname="com.VMS.TestCases.TC_ProcedurePageTest" name="addProcedureToAttachFileForReference" time="2.781">
    <failure type="java.lang.AssertionError" message="null">
      <![CDATA[java.lang.AssertionError: null
at com.VMS.TestCases.TC_ProcedurePageTest.addProcedureToAttachFileForReference(TC_ProcedurePageTest.java:85)
at java.base/java.util.ArrayList.forEach(ArrayList.java:1511)
... Removed 27 stack frames]]>
    </failure>
  </testcase> <!-- addProcedureToAttachFileForReference -->
  <testcase classname="com.VMS.TestCases.BaseClass" name="@BeforeSuite setup" time="0.0">
    <ignored/>
  </testcase> <!-- @BeforeSuite setup -->
</testsuite> <!-- OldVMSVersionSetup(BeforeUpgrade) -->
