<?xml version="1.0" encoding="UTF-8"?>
<!-- Generated by org.testng.reporters.JUnitXMLReporter -->
<testsuite ignored="0" hostname="NikhilShivarkar-PC" failures="0" tests="7" name="Test" time="108.866" errors="0" timestamp="2022-11-14T20:35:54 IST">
  <testcase classname="com.VMS.TestCases.TC_loginPageTest" name="verifyADMINLogin" time="0.013"/>
  <testcase classname="com.VMS.TestCases.TC_loginPageTest" name="verifyLogOut" time="1.462"/>
  <testcase classname="com.VMS.TestCases.TC_IntrgrationPartnerPageTest" name="AddIntrgrationPartner" time="2.404"/>
  <testcase classname="com.VMS.TestCases.TC_IntrgrationPartnerPageTest" name="RefreshUserInformationfeature" time="20.34"/>
  <testcase classname="com.VMS.TestCases.TC_IntrgrationPartnerPageTest" name="DeleteIntrgrationPartner" time="21.965"/>
  <testcase classname="com.VMS.TestCases.TC_WebPagesTest" name="AddWebPages" time="18.894"/>
  <testcase classname="com.VMS.TestCases.TC_WebPagesTest" name="deleteWebPages" time="19.092"/>
</testsuite> <!-- Test -->
