<?xml version="1.0" encoding="UTF-8"?>
<!-- Generated by org.testng.reporters.JUnitXMLReporter -->
<testsuite ignored="0" hostname="NikhilShivarkar-PC" failures="2" tests="9" name="Test" time="248.96" errors="0" timestamp="2022-11-23T19:40:32 IST">
  <testcase classname="com.VMS.TestCases.TC_loginPageTest" name="verifyADMINLogin" time="0.023"/>
  <testcase classname="com.VMS.TestCases.TC_loginPageTest" name="verifyLogOut" time="3.619"/>
  <testcase classname="com.VMS.TestCases.TC_WebPagesTest" name="AddWebPages" time="42.758"/>
  <testcase classname="com.VMS.TestCases.TC_WebPagesTest" name="deleteWebPages" time="67.408"/>
  <testcase classname="com.VMS.TestCases.TC_ConfigurationPageTest" name="OpenNVRsPage" time="4.473"/>
  <testcase classname="com.VMS.TestCases.TC_ConfigurationPageTest" name="OpenRNVRsPage" time="22.382">
    <failure type="java.lang.AssertionError" message="expected [http://localhost/#/configuration/devices/nvr_redundancy] but found [http://localhost/#/configuration/home/landing]">
      <![CDATA[java.lang.AssertionError: expected [http://localhost/#/configuration/devices/nvr_redundancy] but found [http://localhost/#/configuration/home/landing]
at com.VMS.TestCases.TC_ConfigurationPageTest.OpenRNVRsPage(TC_ConfigurationPageTest.java:39)
at java.base/java.util.ArrayList.forEach(ArrayList.java:1511)
... Removed 33 stack frames]]>
    </failure>
  </testcase> <!-- OpenRNVRsPage -->
  <testcase classname="com.VMS.TestCases.TC_ConfigurationPageTest" name="OpenAnalyticsServersPage" time="7.49"/>
  <testcase classname="com.VMS.TestCases.TC_ConfigurationPageTest" name="OpenVideoChannelsPage" time="26.759"/>
  <testcase classname="com.VMS.TestCases.TC_ConfigurationPageTest" name="OpenAudioChannelsPage" time="40.965">
    <failure type="org.openqa.selenium.NoSuchElementException" message="Unable to find element with xpath == //div[contains(@class,&amp;apos;Audio Channels&amp;apos;)]
For documentation on this error, please visit: https://selenium.dev/exceptions/#no_such_element
Build info: version: &amp;apos;4.1.1&amp;apos;, revision: &amp;apos;e8fcc2cecf&amp;apos;
System info: host: &amp;apos;NIKHILSHIVARKAR&amp;apos;, ip: &amp;apos;172.20.10.140&amp;apos;, os.name: &amp;apos;Windows 10&amp;apos;, os.arch: &amp;apos;amd64&amp;apos;, os.version: &amp;apos;10.0&amp;apos;, java.version: &amp;apos;17.0.1&amp;apos;
Driver info: org.openqa.selenium.ie.InternetExplorerDriver
Command: [ddf70c44-3d9c-4618-a01d-cfdaad0d8f49, findElement {using=xpath, value=//div[contains(@class,&amp;apos;Audio Channels&amp;apos;)]}]
Capabilities {acceptInsecureCerts: false, browserName: internet explorer, browserVersion: 11, javascriptEnabled: true, pageLoadStrategy: normal, platform: WINDOWS, platformName: WINDOWS, proxy: Proxy(), se:ieOptions: {browserAttachTimeout: 0, elementScrollBehavior: 0, enablePersistentHover: true, ie.browserCommandLineSwitches: , ie.edgechromium: false, ie.edgepath: , ie.ensureCleanSession: false, ie.fileUploadDialogTimeout: 3000, ie.forceCreateProcessApi: false, ignoreProtectedModeSettings: false, ignoreZoomSetting: false, initialBrowserUrl: http://localhost:59553/, nativeEvents: true, requireWindowFocus: false}, setWindowRect: true, strictFileInteractability: false, timeouts: {implicit: 0, pageLoad: 300000, script: 30000}, unhandledPromptBehavior: dismiss and notify}
Session ID: ddf70c44-3d9c-4618-a01d-cfdaad0d8f49">
      <![CDATA[org.openqa.selenium.NoSuchElementException: Unable to find element with xpath == //div[contains(@class,'Audio Channels')]
For documentation on this error, please visit: https://selenium.dev/exceptions/#no_such_element
Build info: version: '4.1.1', revision: 'e8fcc2cecf'
System info: host: 'NIKHILSHIVARKAR', ip: '172.20.10.140', os.name: 'Windows 10', os.arch: 'amd64', os.version: '10.0', java.version: '17.0.1'
Driver info: org.openqa.selenium.ie.InternetExplorerDriver
Command: [ddf70c44-3d9c-4618-a01d-cfdaad0d8f49, findElement {using=xpath, value=//div[contains(@class,'Audio Channels')]}]
Capabilities {acceptInsecureCerts: false, browserName: internet explorer, browserVersion: 11, javascriptEnabled: true, pageLoadStrategy: normal, platform: WINDOWS, platformName: WINDOWS, proxy: Proxy(), se:ieOptions: {browserAttachTimeout: 0, elementScrollBehavior: 0, enablePersistentHover: true, ie.browserCommandLineSwitches: , ie.edgechromium: false, ie.edgepath: , ie.ensureCleanSession: false, ie.fileUploadDialogTimeout: 3000, ie.forceCreateProcessApi: false, ignoreProtectedModeSettings: false, ignoreZoomSetting: false, initialBrowserUrl: http://localhost:59553/, nativeEvents: true, requireWindowFocus: false}, setWindowRect: true, strictFileInteractability: false, timeouts: {implicit: 0, pageLoad: 300000, script: 30000}, unhandledPromptBehavior: dismiss and notify}
Session ID: ddf70c44-3d9c-4618-a01d-cfdaad0d8f49
at org.openqa.selenium.remote.codec.w3c.W3CHttpResponseCodec.createException(W3CHttpResponseCodec.java:200)
at org.openqa.selenium.remote.codec.w3c.W3CHttpResponseCodec.decode(W3CHttpResponseCodec.java:133)
at org.openqa.selenium.remote.codec.w3c.W3CHttpResponseCodec.decode(W3CHttpResponseCodec.java:53)
at org.openqa.selenium.remote.HttpCommandExecutor.execute(HttpCommandExecutor.java:184)
at org.openqa.selenium.remote.service.DriverCommandExecutor.invokeExecute(DriverCommandExecutor.java:167)
at org.openqa.selenium.remote.service.DriverCommandExecutor.execute(DriverCommandExecutor.java:142)
at org.openqa.selenium.remote.RemoteWebDriver.execute(RemoteWebDriver.java:543)
at org.openqa.selenium.remote.ElementLocation$ElementFinder$2.findElement(ElementLocation.java:162)
at org.openqa.selenium.remote.ElementLocation.findElement(ElementLocation.java:60)
at org.openqa.selenium.remote.RemoteWebDriver.findElement(RemoteWebDriver.java:367)
at org.openqa.selenium.remote.RemoteWebDriver.findElement(RemoteWebDriver.java:359)
at org.openqa.selenium.support.pagefactory.DefaultElementLocator.findElement(DefaultElementLocator.java:70)
at org.openqa.selenium.support.pagefactory.internal.LocatingElementHandler.invoke(LocatingElementHandler.java:39)
at jdk.proxy2/jdk.proxy2.$Proxy32.click(Unknown Source)
at com.VMS.PageObject.vms_ConfigurationPage.openAudioChannelsPage(vms_ConfigurationPage.java:223)
at com.VMS.TestCases.TC_ConfigurationPageTest.OpenAudioChannelsPage(TC_ConfigurationPageTest.java:76)
at java.base/java.util.ArrayList.forEach(ArrayList.java:1511)
... Removed 32 stack frames]]>
    </failure>
  </testcase> <!-- OpenAudioChannelsPage -->
</testsuite> <!-- Test -->
