<?xml version="1.0" encoding="UTF-8"?>
<!-- Generated by org.testng.reporters.JUnitXMLReporter -->
<testsuite ignored="0" hostname="NikhilShivarkar-PC" failures="0" tests="7" name="Test" time="153.184" errors="0" timestamp="2022-12-02T15:40:00 IST">
  <testcase classname="com.VMS.TestCases.TC_WebPagesTest" name="openWebPage" time="8.089"/>
  <testcase classname="com.VMS.TestCases.TC_WebPagesTest" name="AddWebPages" time="44.405"/>
  <testcase classname="com.VMS.TestCases.TC_WebPagesTest" name="deleteWebPages" time="42.762"/>
  <testcase classname="com.VMS.TestCases.TC_ProcedurePageTest" name="openProcedurePage" time="4.966"/>
  <testcase classname="com.VMS.TestCases.TC_ProcedurePageTest" name="addProcedureToAcknowledge" time="6.095"/>
  <testcase classname="com.VMS.TestCases.TC_NetworkingPageTest" name="enableVAXTab" time="6.277"/>
  <testcase classname="com.VMS.TestCases.TC_NetworkingPageTest" name="verifyIntegratedVAX" time="4.058"/>
</testsuite> <!-- Test -->
