<?xml version="1.0" encoding="UTF-8"?>
<!-- Generated by org.testng.reporters.JUnitXMLReporter -->
<testsuite ignored="0" hostname="NikhilShivarkar-PC" failures="3" tests="5" name="Test" time="108.41" errors="0" timestamp="2022-11-11T16:08:37 IST">
  <testcase classname="com.VMS.TestCases.TC_loginPageTest" name="verifyADMINLogin" time="0.33"/>
  <testcase classname="com.VMS.TestCases.TC_loginPageTest" name="verifyLogOut" time="1.6">
    <failure type="org.openqa.selenium.ElementClickInterceptedException" message="Element not clickable at point (1798,27). Other element would receive the click: &amp;lt;div tabindex=&amp;quot;-1&amp;quot; class=&amp;quot;modal fade ng-isolate-scope undefined 2e432b46-a7c5-464d-8606-f25405c0dbc7 in&amp;quot; role=&amp;quot;dialog&amp;quot; style=&amp;quot;display: block; z-index: 1050;&amp;quot; ng-style=&amp;quot;{&amp;apos;z-index&amp;apos;: 1050 + index*10, display: &amp;apos;block&amp;apos;}&amp;quot; modal-animation=&amp;quot;true&amp;quot; uib-modal-window=&amp;quot;modal-window&amp;quot; window-class=&amp;quot;undefined 2e432b46-a7c5-464d-8606-f25405c0dbc7&amp;quot; index=&amp;quot;0&amp;quot; animate=&amp;quot;animate&amp;quot; modal-in-class=&amp;quot;in&amp;quot; uib-modal-animation-class=&amp;quot;fade&amp;quot; modal-render=&amp;quot;true&amp;quot;&amp;gt; (elementsFromPoint index 0)
Build info: version: &amp;apos;4.1.1&amp;apos;, revision: &amp;apos;e8fcc2cecf&amp;apos;
System info: host: &amp;apos;NIKHILSHIVARKAR&amp;apos;, ip: &amp;apos;172.20.10.139&amp;apos;, os.name: &amp;apos;Windows 10&amp;apos;, os.arch: &amp;apos;amd64&amp;apos;, os.version: &amp;apos;10.0&amp;apos;, java.version: &amp;apos;17.0.1&amp;apos;
Driver info: org.openqa.selenium.ie.InternetExplorerDriver
Command: [4a0b8222-1444-407a-9c5d-bea2a25158c2, clickElement {id=17c2e095-e0e5-4078-ab0a-0f5cac994394}]
Capabilities {acceptInsecureCerts: false, browserName: internet explorer, browserVersion: 11, javascriptEnabled: true, pageLoadStrategy: normal, platform: WINDOWS, platformName: WINDOWS, proxy: Proxy(), se:ieOptions: {browserAttachTimeout: 0, elementScrollBehavior: 0, enablePersistentHover: true, ie.browserCommandLineSwitches: , ie.edgechromium: false, ie.edgepath: , ie.ensureCleanSession: false, ie.fileUploadDialogTimeout: 3000, ie.forceCreateProcessApi: false, ignoreProtectedModeSettings: false, ignoreZoomSetting: false, initialBrowserUrl: http://localhost:59205/, nativeEvents: true, requireWindowFocus: false}, setWindowRect: true, strictFileInteractability: false, timeouts: {implicit: 0, pageLoad: 300000, script: 30000}, unhandledPromptBehavior: dismiss and notify}
Element: [[InternetExplorerDriver: internet explorer on WINDOWS (4a0b8222-1444-407a-9c5d-bea2a25158c2)] -&amp;gt; css selector: span[class*=&amp;apos;top-menu-user-name&amp;apos;]]
Session ID: 4a0b8222-1444-407a-9c5d-bea2a25158c2">
      <![CDATA[org.openqa.selenium.ElementClickInterceptedException: Element not clickable at point (1798,27). Other element would receive the click: <div tabindex="-1" class="modal fade ng-isolate-scope undefined 2e432b46-a7c5-464d-8606-f25405c0dbc7 in" role="dialog" style="display: block; z-index: 1050;" ng-style="{'z-index': 1050 + index*10, display: 'block'}" modal-animation="true" uib-modal-window="modal-window" window-class="undefined 2e432b46-a7c5-464d-8606-f25405c0dbc7" index="0" animate="animate" modal-in-class="in" uib-modal-animation-class="fade" modal-render="true"> (elementsFromPoint index 0)
Build info: version: '4.1.1', revision: 'e8fcc2cecf'
System info: host: 'NIKHILSHIVARKAR', ip: '172.20.10.139', os.name: 'Windows 10', os.arch: 'amd64', os.version: '10.0', java.version: '17.0.1'
Driver info: org.openqa.selenium.ie.InternetExplorerDriver
Command: [4a0b8222-1444-407a-9c5d-bea2a25158c2, clickElement {id=17c2e095-e0e5-4078-ab0a-0f5cac994394}]
Capabilities {acceptInsecureCerts: false, browserName: internet explorer, browserVersion: 11, javascriptEnabled: true, pageLoadStrategy: normal, platform: WINDOWS, platformName: WINDOWS, proxy: Proxy(), se:ieOptions: {browserAttachTimeout: 0, elementScrollBehavior: 0, enablePersistentHover: true, ie.browserCommandLineSwitches: , ie.edgechromium: false, ie.edgepath: , ie.ensureCleanSession: false, ie.fileUploadDialogTimeout: 3000, ie.forceCreateProcessApi: false, ignoreProtectedModeSettings: false, ignoreZoomSetting: false, initialBrowserUrl: http://localhost:59205/, nativeEvents: true, requireWindowFocus: false}, setWindowRect: true, strictFileInteractability: false, timeouts: {implicit: 0, pageLoad: 300000, script: 30000}, unhandledPromptBehavior: dismiss and notify}
Element: [[InternetExplorerDriver: internet explorer on WINDOWS (4a0b8222-1444-407a-9c5d-bea2a25158c2)] -> css selector: span[class*='top-menu-user-name']]
Session ID: 4a0b8222-1444-407a-9c5d-bea2a25158c2
at org.openqa.selenium.remote.codec.w3c.W3CHttpResponseCodec.createException(W3CHttpResponseCodec.java:200)
at org.openqa.selenium.remote.codec.w3c.W3CHttpResponseCodec.decode(W3CHttpResponseCodec.java:133)
at org.openqa.selenium.remote.codec.w3c.W3CHttpResponseCodec.decode(W3CHttpResponseCodec.java:53)
at org.openqa.selenium.remote.HttpCommandExecutor.execute(HttpCommandExecutor.java:184)
at org.openqa.selenium.remote.service.DriverCommandExecutor.invokeExecute(DriverCommandExecutor.java:167)
at org.openqa.selenium.remote.service.DriverCommandExecutor.execute(DriverCommandExecutor.java:142)
at org.openqa.selenium.remote.RemoteWebDriver.execute(RemoteWebDriver.java:543)
at org.openqa.selenium.remote.RemoteWebElement.execute(RemoteWebElement.java:251)
at org.openqa.selenium.remote.RemoteWebElement.click(RemoteWebElement.java:77)
at org.openqa.selenium.support.pagefactory.internal.LocatingElementHandler.invoke(LocatingElementHandler.java:52)
at jdk.proxy2/jdk.proxy2.$Proxy31.click(Unknown Source)
at com.VMS.PageObject.vms_Login.clickOnUserNamefromTopCorner(vms_Login.java:64)
at com.VMS.TestCases.TC_loginPageTest.verifyLogOut(TC_loginPageTest.java:42)
at java.base/java.util.ArrayList.forEach(ArrayList.java:1511)
... Removed 36 stack frames]]>
    </failure>
  </testcase> <!-- verifyLogOut -->
  <testcase classname="com.VMS.TestCases.TC_IntrgrationPartnerPageTest" name="AddIntrgrationPartner" time="33.309">
    <failure type="org.openqa.selenium.ElementClickInterceptedException" message="Element not clickable at point (1111,797). Other element would receive the click: &amp;lt;span class=&amp;quot;ng-scope&amp;quot; id=&amp;quot;loader&amp;quot; aria-hidden=&amp;quot;false&amp;quot; style=&amp;quot;background: rgb(41, 45, 53); left: 0px; top: 0px; right: 0px; bottom: 0px; display: flex; position: fixed; z-index: 88888; opacity: 0.9; justify-content: center; align-items: center;&amp;quot; ng-show=&amp;quot;showLoader&amp;quot; us-spinner=&amp;apos;{color: &amp;quot;#CDCDCD&amp;quot;, lines: 9,width: 3,zIndex:1}&amp;apos;&amp;gt; (elementsFromPoint index 0)
Build info: version: &amp;apos;4.1.1&amp;apos;, revision: &amp;apos;e8fcc2cecf&amp;apos;
System info: host: &amp;apos;NIKHILSHIVARKAR&amp;apos;, ip: &amp;apos;172.20.10.139&amp;apos;, os.name: &amp;apos;Windows 10&amp;apos;, os.arch: &amp;apos;amd64&amp;apos;, os.version: &amp;apos;10.0&amp;apos;, java.version: &amp;apos;17.0.1&amp;apos;
Driver info: org.openqa.selenium.ie.InternetExplorerDriver
Command: [5a89e6e8-286a-4b76-9d3b-6416734e9ec1, clickElement {id=14eb8ef0-0327-4152-9043-3511e3aa996f}]
Capabilities {acceptInsecureCerts: false, browserName: internet explorer, browserVersion: 11, javascriptEnabled: true, pageLoadStrategy: normal, platform: WINDOWS, platformName: WINDOWS, proxy: Proxy(), se:ieOptions: {browserAttachTimeout: 0, elementScrollBehavior: 0, enablePersistentHover: true, ie.browserCommandLineSwitches: , ie.edgechromium: false, ie.edgepath: , ie.ensureCleanSession: false, ie.fileUploadDialogTimeout: 3000, ie.forceCreateProcessApi: false, ignoreProtectedModeSettings: false, ignoreZoomSetting: false, initialBrowserUrl: http://localhost:56033/, nativeEvents: true, requireWindowFocus: false}, setWindowRect: true, strictFileInteractability: false, timeouts: {implicit: 0, pageLoad: 300000, script: 30000}, unhandledPromptBehavior: dismiss and notify}
Element: [[InternetExplorerDriver: internet explorer on WINDOWS (5a89e6e8-286a-4b76-9d3b-6416734e9ec1)] -&amp;gt; xpath: //button[text()=&amp;apos;Next&amp;apos;]]
Session ID: 5a89e6e8-286a-4b76-9d3b-6416734e9ec1">
      <![CDATA[org.openqa.selenium.ElementClickInterceptedException: Element not clickable at point (1111,797). Other element would receive the click: <span class="ng-scope" id="loader" aria-hidden="false" style="background: rgb(41, 45, 53); left: 0px; top: 0px; right: 0px; bottom: 0px; display: flex; position: fixed; z-index: 88888; opacity: 0.9; justify-content: center; align-items: center;" ng-show="showLoader" us-spinner='{color: "#CDCDCD", lines: 9,width: 3,zIndex:1}'> (elementsFromPoint index 0)
Build info: version: '4.1.1', revision: 'e8fcc2cecf'
System info: host: 'NIKHILSHIVARKAR', ip: '172.20.10.139', os.name: 'Windows 10', os.arch: 'amd64', os.version: '10.0', java.version: '17.0.1'
Driver info: org.openqa.selenium.ie.InternetExplorerDriver
Command: [5a89e6e8-286a-4b76-9d3b-6416734e9ec1, clickElement {id=14eb8ef0-0327-4152-9043-3511e3aa996f}]
Capabilities {acceptInsecureCerts: false, browserName: internet explorer, browserVersion: 11, javascriptEnabled: true, pageLoadStrategy: normal, platform: WINDOWS, platformName: WINDOWS, proxy: Proxy(), se:ieOptions: {browserAttachTimeout: 0, elementScrollBehavior: 0, enablePersistentHover: true, ie.browserCommandLineSwitches: , ie.edgechromium: false, ie.edgepath: , ie.ensureCleanSession: false, ie.fileUploadDialogTimeout: 3000, ie.forceCreateProcessApi: false, ignoreProtectedModeSettings: false, ignoreZoomSetting: false, initialBrowserUrl: http://localhost:56033/, nativeEvents: true, requireWindowFocus: false}, setWindowRect: true, strictFileInteractability: false, timeouts: {implicit: 0, pageLoad: 300000, script: 30000}, unhandledPromptBehavior: dismiss and notify}
Element: [[InternetExplorerDriver: internet explorer on WINDOWS (5a89e6e8-286a-4b76-9d3b-6416734e9ec1)] -> xpath: //button[text()='Next']]
Session ID: 5a89e6e8-286a-4b76-9d3b-6416734e9ec1
at org.openqa.selenium.remote.codec.w3c.W3CHttpResponseCodec.createException(W3CHttpResponseCodec.java:200)
at org.openqa.selenium.remote.codec.w3c.W3CHttpResponseCodec.decode(W3CHttpResponseCodec.java:133)
at org.openqa.selenium.remote.codec.w3c.W3CHttpResponseCodec.decode(W3CHttpResponseCodec.java:53)
at org.openqa.selenium.remote.HttpCommandExecutor.execute(HttpCommandExecutor.java:184)
at org.openqa.selenium.remote.service.DriverCommandExecutor.invokeExecute(DriverCommandExecutor.java:167)
at org.openqa.selenium.remote.service.DriverCommandExecutor.execute(DriverCommandExecutor.java:142)
at org.openqa.selenium.remote.RemoteWebDriver.execute(RemoteWebDriver.java:543)
at org.openqa.selenium.remote.RemoteWebElement.execute(RemoteWebElement.java:251)
at org.openqa.selenium.remote.RemoteWebElement.click(RemoteWebElement.java:77)
at org.openqa.selenium.support.pagefactory.internal.LocatingElementHandler.invoke(LocatingElementHandler.java:52)
at jdk.proxy2/jdk.proxy2.$Proxy31.click(Unknown Source)
at com.VMS.PageObject.vms_IntegrationPartnerPage.ClickOnNEXTbtn(vms_IntegrationPartnerPage.java:158)
at com.VMS.TestCases.TC_IntrgrationPartnerPageTest.AddIntrgrationPartner(TC_IntrgrationPartnerPageTest.java:40)
at java.base/java.util.ArrayList.forEach(ArrayList.java:1511)
... Removed 36 stack frames]]>
    </failure>
  </testcase> <!-- AddIntrgrationPartner -->
  <testcase classname="com.VMS.TestCases.TC_IntrgrationPartnerPageTest" name="RefreshUserInformationfeature" time="16.656">
    <failure type="org.openqa.selenium.ElementClickInterceptedException" message="Element not clickable at point (101,113). Other element would receive the click: &amp;lt;div tabindex=&amp;quot;-1&amp;quot; class=&amp;quot;modal fade ng-isolate-scope add-partner-modal common-resources-tree-view 571cf83d-5ec3-4305-aca5-194288b62d7a in&amp;quot; role=&amp;quot;dialog&amp;quot; style=&amp;quot;display: block; z-index: 1050;&amp;quot; ng-style=&amp;quot;{&amp;apos;z-index&amp;apos;: 1050 + index*10, display: &amp;apos;block&amp;apos;}&amp;quot; modal-animation=&amp;quot;true&amp;quot; uib-modal-window=&amp;quot;modal-window&amp;quot; window-class=&amp;quot;add-partner-modal common-resources-tree-view 571cf83d-5ec3-4305-aca5-194288b62d7a&amp;quot; index=&amp;quot;0&amp;quot; animate=&amp;quot;animate&amp;quot; modal-in-class=&amp;quot;in&amp;quot; uib-modal-animation-class=&amp;quot;fade&amp;quot; modal-render=&amp;quot;true&amp;quot;&amp;gt; (elementsFromPoint index 0)
Build info: version: &amp;apos;4.1.1&amp;apos;, revision: &amp;apos;e8fcc2cecf&amp;apos;
System info: host: &amp;apos;NIKHILSHIVARKAR&amp;apos;, ip: &amp;apos;172.20.10.139&amp;apos;, os.name: &amp;apos;Windows 10&amp;apos;, os.arch: &amp;apos;amd64&amp;apos;, os.version: &amp;apos;10.0&amp;apos;, java.version: &amp;apos;17.0.1&amp;apos;
Driver info: org.openqa.selenium.ie.InternetExplorerDriver
Command: [5a89e6e8-286a-4b76-9d3b-6416734e9ec1, clickElement {id=7f29fc6a-4dd8-4b31-a6bc-bfdbb869b855}]
Capabilities {acceptInsecureCerts: false, browserName: internet explorer, browserVersion: 11, javascriptEnabled: true, pageLoadStrategy: normal, platform: WINDOWS, platformName: WINDOWS, proxy: Proxy(), se:ieOptions: {browserAttachTimeout: 0, elementScrollBehavior: 0, enablePersistentHover: true, ie.browserCommandLineSwitches: , ie.edgechromium: false, ie.edgepath: , ie.ensureCleanSession: false, ie.fileUploadDialogTimeout: 3000, ie.forceCreateProcessApi: false, ignoreProtectedModeSettings: false, ignoreZoomSetting: false, initialBrowserUrl: http://localhost:56033/, nativeEvents: true, requireWindowFocus: false}, setWindowRect: true, strictFileInteractability: false, timeouts: {implicit: 0, pageLoad: 300000, script: 30000}, unhandledPromptBehavior: dismiss and notify}
Element: [[InternetExplorerDriver: internet explorer on WINDOWS (5a89e6e8-286a-4b76-9d3b-6416734e9ec1)] -&amp;gt; xpath: //div[text()=&amp;apos;Home Page&amp;apos;]]
Session ID: 5a89e6e8-286a-4b76-9d3b-6416734e9ec1">
      <![CDATA[org.openqa.selenium.ElementClickInterceptedException: Element not clickable at point (101,113). Other element would receive the click: <div tabindex="-1" class="modal fade ng-isolate-scope add-partner-modal common-resources-tree-view 571cf83d-5ec3-4305-aca5-194288b62d7a in" role="dialog" style="display: block; z-index: 1050;" ng-style="{'z-index': 1050 + index*10, display: 'block'}" modal-animation="true" uib-modal-window="modal-window" window-class="add-partner-modal common-resources-tree-view 571cf83d-5ec3-4305-aca5-194288b62d7a" index="0" animate="animate" modal-in-class="in" uib-modal-animation-class="fade" modal-render="true"> (elementsFromPoint index 0)
Build info: version: '4.1.1', revision: 'e8fcc2cecf'
System info: host: 'NIKHILSHIVARKAR', ip: '172.20.10.139', os.name: 'Windows 10', os.arch: 'amd64', os.version: '10.0', java.version: '17.0.1'
Driver info: org.openqa.selenium.ie.InternetExplorerDriver
Command: [5a89e6e8-286a-4b76-9d3b-6416734e9ec1, clickElement {id=7f29fc6a-4dd8-4b31-a6bc-bfdbb869b855}]
Capabilities {acceptInsecureCerts: false, browserName: internet explorer, browserVersion: 11, javascriptEnabled: true, pageLoadStrategy: normal, platform: WINDOWS, platformName: WINDOWS, proxy: Proxy(), se:ieOptions: {browserAttachTimeout: 0, elementScrollBehavior: 0, enablePersistentHover: true, ie.browserCommandLineSwitches: , ie.edgechromium: false, ie.edgepath: , ie.ensureCleanSession: false, ie.fileUploadDialogTimeout: 3000, ie.forceCreateProcessApi: false, ignoreProtectedModeSettings: false, ignoreZoomSetting: false, initialBrowserUrl: http://localhost:56033/, nativeEvents: true, requireWindowFocus: false}, setWindowRect: true, strictFileInteractability: false, timeouts: {implicit: 0, pageLoad: 300000, script: 30000}, unhandledPromptBehavior: dismiss and notify}
Element: [[InternetExplorerDriver: internet explorer on WINDOWS (5a89e6e8-286a-4b76-9d3b-6416734e9ec1)] -> xpath: //div[text()='Home Page']]
Session ID: 5a89e6e8-286a-4b76-9d3b-6416734e9ec1
at org.openqa.selenium.remote.codec.w3c.W3CHttpResponseCodec.createException(W3CHttpResponseCodec.java:200)
at org.openqa.selenium.remote.codec.w3c.W3CHttpResponseCodec.decode(W3CHttpResponseCodec.java:133)
at org.openqa.selenium.remote.codec.w3c.W3CHttpResponseCodec.decode(W3CHttpResponseCodec.java:53)
at org.openqa.selenium.remote.HttpCommandExecutor.execute(HttpCommandExecutor.java:184)
at org.openqa.selenium.remote.service.DriverCommandExecutor.invokeExecute(DriverCommandExecutor.java:167)
at org.openqa.selenium.remote.service.DriverCommandExecutor.execute(DriverCommandExecutor.java:142)
at org.openqa.selenium.remote.RemoteWebDriver.execute(RemoteWebDriver.java:543)
at org.openqa.selenium.remote.RemoteWebElement.execute(RemoteWebElement.java:251)
at org.openqa.selenium.remote.RemoteWebElement.click(RemoteWebElement.java:77)
at org.openqa.selenium.support.pagefactory.internal.LocatingElementHandler.invoke(LocatingElementHandler.java:52)
at jdk.proxy2/jdk.proxy2.$Proxy31.click(Unknown Source)
at com.VMS.PageObject.vms_ConfigurationPage.openIntegrationPartnerPage(vms_ConfigurationPage.java:187)
at com.VMS.TestCases.TC_IntrgrationPartnerPageTest.RefreshUserInformationfeature(TC_IntrgrationPartnerPageTest.java:52)
at java.base/java.util.ArrayList.forEach(ArrayList.java:1511)
... Removed 36 stack frames]]>
    </failure>
  </testcase> <!-- RefreshUserInformationfeature -->
  <testcase classname="com.VMS.TestCases.TC_IntrgrationPartnerPageTest" name="DeleteIntrgrationPartner" time="37.029"/>
</testsuite> <!-- Test -->
