<?xml version="1.0" encoding="UTF-8"?>
<!-- Generated by org.testng.reporters.JUnitXMLReporter -->
<testsuite ignored="0" hostname="NikhilShivarkar-PC" failures="1" tests="4" name="VAXSetup" time="366.945" errors="0" timestamp="2023-07-20T14:36:43 IST">
  <testcase classname="com.VMS.TestCases.TC_VAXwebpageTest" name="LoginTotheVAXwebpage" time="7.287"/>
  <testcase classname="com.VMS.TestCases.TC_VAXwebpageTest" name="verifyAllVAXResources" time="21.553">
    <failure type="java.lang.AssertionError" message="null">
      <![CDATA[java.lang.AssertionError: null
at com.VMS.TestCases.TC_VAXwebpageTest.verifyAllVAXResources(TC_VAXwebpageTest.java:79)
at java.base/java.util.ArrayList.forEach(ArrayList.java:1511)
... Removed 27 stack frames]]>
    </failure>
  </testcase> <!-- verifyAllVAXResources -->
  <testcase classname="com.VMS.TestCases.TC_EventAlarmSearchPageTest" name="openEventAlarmSearchPage" time="8.934"/>
  <testcase classname="com.VMS.TestCases.TC_EventAlarmSearchPageTest" name="addVAXAlarmQuery" time="312.007"/>
</testsuite> <!-- VAXSetup -->
