<?xml version="1.0" encoding="UTF-8"?>
<!-- Generated by org.testng.reporters.JUnitXMLReporter -->
<testsuite ignored="5" hostname="NikhilShivarkar-PC" failures="0" tests="17" name="VAXSetup" time="0.64" errors="0" timestamp="2023-08-07T18:26:32 IST">
  <testcase classname="com.VMS.TestCases.BaseClass" name="@BeforeSuite setup" time="5.429">
    <failure type="org.openqa.selenium.NoSuchWindowException" message="no such window: target window already closed
from unknown error: web view not found
  (Session info: chrome=115.0.5790.170)
Build info: version: &amp;apos;4.10.0&amp;apos;, revision: &amp;apos;c14d967899&amp;apos;
System info: os.name: &amp;apos;Windows 10&amp;apos;, os.arch: &amp;apos;amd64&amp;apos;, os.version: &amp;apos;10.0&amp;apos;, java.version: &amp;apos;18.0.1&amp;apos;
Driver info: org.openqa.selenium.chrome.ChromeDriver
Command: [acda45b325ddde39254037c7a4756c86, get {url=http://172.20.1.23}]
Capabilities {acceptInsecureCerts: false, browserName: chrome, browserVersion: 115.0.5790.170, chrome: {chromedriverVersion: 114.0.5735.90 (386bc09e8f4f..., userDataDir: C:\Users\nikhils\AppData\Lo...}, goog:chromeOptions: {debuggerAddress: localhost:64956}, networkConnectionEnabled: false, pageLoadStrategy: normal, platformName: windows, proxy: Proxy(), se:cdp: ws://localhost:64956/devtoo..., se:cdpVersion: 115.0.5790.170, setWindowRect: true, strictFileInteractability: false, timeouts: {implicit: 0, pageLoad: 300000, script: 30000}, unhandledPromptBehavior: dismiss and notify, webauthn:extension:credBlob: true, webauthn:extension:largeBlob: true, webauthn:extension:minPinLength: true, webauthn:extension:prf: true, webauthn:virtualAuthenticators: true}
Session ID: acda45b325ddde39254037c7a4756c86">
      <![CDATA[org.openqa.selenium.NoSuchWindowException: no such window: target window already closed
from unknown error: web view not found
  (Session info: chrome=115.0.5790.170)
Build info: version: '4.10.0', revision: 'c14d967899'
System info: os.name: 'Windows 10', os.arch: 'amd64', os.version: '10.0', java.version: '18.0.1'
Driver info: org.openqa.selenium.chrome.ChromeDriver
Command: [acda45b325ddde39254037c7a4756c86, get {url=http://172.20.1.23}]
Capabilities {acceptInsecureCerts: false, browserName: chrome, browserVersion: 115.0.5790.170, chrome: {chromedriverVersion: 114.0.5735.90 (386bc09e8f4f..., userDataDir: C:\Users\nikhils\AppData\Lo...}, goog:chromeOptions: {debuggerAddress: localhost:64956}, networkConnectionEnabled: false, pageLoadStrategy: normal, platformName: windows, proxy: Proxy(), se:cdp: ws://localhost:64956/devtoo..., se:cdpVersion: 115.0.5790.170, setWindowRect: true, strictFileInteractability: false, timeouts: {implicit: 0, pageLoad: 300000, script: 30000}, unhandledPromptBehavior: dismiss and notify, webauthn:extension:credBlob: true, webauthn:extension:largeBlob: true, webauthn:extension:minPinLength: true, webauthn:extension:prf: true, webauthn:virtualAuthenticators: true}
Session ID: acda45b325ddde39254037c7a4756c86
at org.openqa.selenium.remote.codec.w3c.W3CHttpResponseCodec.createException(W3CHttpResponseCodec.java:199)
at org.openqa.selenium.remote.codec.w3c.W3CHttpResponseCodec.decode(W3CHttpResponseCodec.java:132)
at org.openqa.selenium.remote.codec.w3c.W3CHttpResponseCodec.decode(W3CHttpResponseCodec.java:51)
at org.openqa.selenium.remote.HttpCommandExecutor.execute(HttpCommandExecutor.java:191)
at org.openqa.selenium.remote.service.DriverCommandExecutor.invokeExecute(DriverCommandExecutor.java:196)
at org.openqa.selenium.remote.service.DriverCommandExecutor.execute(DriverCommandExecutor.java:171)
at org.openqa.selenium.remote.RemoteWebDriver.execute(RemoteWebDriver.java:531)
at org.openqa.selenium.remote.RemoteWebDriver.get(RemoteWebDriver.java:295)
at com.VMS.PageObject.vms_Login.DoLogin(vms_Login.java:103)
at com.VMS.TestCases.BaseClass.setup(BaseClass.java:109)
... Removed 20 stack frames]]>
    </failure>
  </testcase> <!-- @BeforeSuite setup -->
  <testcase classname="com.VMS.TestCases.TC_IntrgrationPartnerPageTest" name="@BeforeClass OpenIntegrationPartnerPage" time="-1.691412991968E9">
    <skipped/>
  </testcase> <!-- @BeforeClass OpenIntegrationPartnerPage -->
  <testcase classname="com.VMS.TestCases.TC_ProcedurePageTest" name="@BeforeClass OpenProcedurePage" time="-1.691412992111E9">
    <skipped/>
  </testcase> <!-- @BeforeClass OpenProcedurePage -->
  <testcase classname="com.VMS.TestCases.TC_MapTest" name="@BeforeClass OpenMapsPage" time="-1.691412992118E9">
    <skipped/>
  </testcase> <!-- @BeforeClass OpenMapsPage -->
  <testcase classname="com.VMS.TestCases.TC_NetworkingPageTest" name="@BeforeClass OpenNetworkingPage" time="-1.691412992136E9">
    <skipped/>
  </testcase> <!-- @BeforeClass OpenNetworkingPage -->
  <testcase classname="com.VMS.TestCases.TC_AlarmsPageTest" name="@BeforeClass OpenAlarmsPage" time="-1.691412992148E9">
    <skipped/>
  </testcase> <!-- @BeforeClass OpenAlarmsPage -->
  <testcase classname="com.VMS.TestCases.TC_IntrgrationPartnerPageTest" name="verifyIntegrationPartnerPageisOpened" time="0.0">
    <skipped/>
  </testcase> <!-- verifyIntegrationPartnerPageisOpened -->
  <testcase classname="com.VMS.TestCases.TC_IntrgrationPartnerPageTest" name="AddIntrgrationPartner2_54" time="0.0">
    <skipped/>
  </testcase> <!-- AddIntrgrationPartner2_54 -->
  <testcase classname="com.VMS.TestCases.TC_IntrgrationPartnerPageTest" name="RefreshUserInformationfeature" time="0.0">
    <skipped/>
  </testcase> <!-- RefreshUserInformationfeature -->
  <testcase classname="com.VMS.TestCases.TC_IntrgrationPartnerPageTest" name="DeleteIntrgrationPartner" time="0.0">
    <skipped/>
  </testcase> <!-- DeleteIntrgrationPartner -->
  <testcase classname="com.VMS.TestCases.TC_IntrgrationPartnerPageTest" name="AddIntrgrationPartner1_51" time="0.0">
    <skipped/>
  </testcase> <!-- AddIntrgrationPartner1_51 -->
  <testcase classname="com.VMS.TestCases.TC_ProcedurePageTest" name="verifyProcedurePageisOpened" time="0.0">
    <skipped/>
  </testcase> <!-- verifyProcedurePageisOpened -->
  <testcase classname="com.VMS.TestCases.TC_MapTest" name="verifyMapPageisOpened" time="0.0">
    <skipped/>
  </testcase> <!-- verifyMapPageisOpened -->
  <testcase classname="com.VMS.TestCases.TC_MapTest" name="addNewMap" time="0.0">
    <skipped/>
  </testcase> <!-- addNewMap -->
  <testcase classname="com.VMS.TestCases.TC_MapTest" name="addNewMapInVMS" time="0.0">
    <skipped/>
  </testcase> <!-- addNewMapInVMS -->
  <testcase classname="com.VMS.TestCases.TC_NetworkingPageTest" name="enableVAXTab" time="0.0">
    <skipped/>
  </testcase> <!-- enableVAXTab -->
  <testcase classname="com.VMS.TestCases.TC_NetworkingPageTest" name="verifyIntegratedVAX" time="0.0">
    <skipped/>
  </testcase> <!-- verifyIntegratedVAX -->
  <testcase classname="com.VMS.TestCases.TC_AlarmsPageTest" name="addVAXDigitalInputAlarm" time="0.0">
    <skipped/>
  </testcase> <!-- addVAXDigitalInputAlarm -->
  <testcase classname="com.VMS.TestCases.TC_AlarmsPageTest" name="addVAXRelayOutputAlarm" time="0.0">
    <skipped/>
  </testcase> <!-- addVAXRelayOutputAlarm -->
  <testcase classname="com.VMS.TestCases.TC_AlarmsPageTest" name="addVAXalarmOfDoorFromVAXWebpage" time="0.0">
    <skipped/>
  </testcase> <!-- addVAXalarmOfDoorFromVAXWebpage -->
  <testcase classname="com.VMS.TestCases.TC_AlarmsPageTest" name="addVAXalarmOfDoorFromPanel" time="0.0">
    <skipped/>
  </testcase> <!-- addVAXalarmOfDoorFromPanel -->
  <testcase classname="com.VMS.TestCases.TC_AlarmsPageTest" name="addVAXalarmOfAccessCard" time="0.0">
    <skipped/>
  </testcase> <!-- addVAXalarmOfAccessCard -->
  <testcase classname="com.VMS.TestCases.TC_AlarmsPageTest" name="addVAXalarmOfAccessCardForMessage" time="0.0">
    <skipped/>
  </testcase> <!-- addVAXalarmOfAccessCardForMessage -->
  <testcase classname="com.VMS.TestCases.BaseClass" name="@BeforeSuite setup" time="0.0">
    <ignored/>
  </testcase> <!-- @BeforeSuite setup -->
  <testcase classname="com.VMS.TestCases.BaseClass" name="@BeforeSuite setup" time="0.0">
    <ignored/>
  </testcase> <!-- @BeforeSuite setup -->
  <testcase classname="com.VMS.TestCases.BaseClass" name="@BeforeSuite setup" time="0.0">
    <ignored/>
  </testcase> <!-- @BeforeSuite setup -->
  <testcase classname="com.VMS.TestCases.BaseClass" name="@BeforeSuite setup" time="0.0">
    <ignored/>
  </testcase> <!-- @BeforeSuite setup -->
  <testcase classname="com.VMS.TestCases.BaseClass" name="@BeforeSuite setup" time="0.0">
    <ignored/>
  </testcase> <!-- @BeforeSuite setup -->
</testsuite> <!-- VAXSetup -->
