<?xml version="1.0" encoding="UTF-8"?>
<!-- Generated by org.testng.reporters.JUnitXMLReporter -->
<testsuite ignored="0" hostname="NikhilShivarkar-PC" failures="0" tests="2" name="VerifyVAXalarms" time="269.319" errors="0" timestamp="2023-07-18T15:42:02 IST">
  <testcase classname="com.VMS.TestCases.TC_EventAlarmSearchPageTest" name="openEventAlarmSearchPage" time="8.044"/>
  <testcase classname="com.VMS.TestCases.TC_EventAlarmSearchPageTest" name="addVAXAlarmQuery" time="252.998"/>
</testsuite> <!-- VerifyVAXalarms -->
