<?xml version="1.0" encoding="UTF-8"?>
<testng-results ignored="0" total="1" passed="1" failed="0" skipped="0">
  <reporter-output>
  </reporter-output>
  <suite started-at="2022-11-11T20:33:22 IST" name="Default suite" finished-at="2022-11-11T20:33:56 IST" duration-ms="34462">
    <groups>
    </groups>
    <test started-at="2022-11-11T20:33:22 IST" name="Default test" finished-at="2022-11-11T20:33:56 IST" duration-ms="34462">
      <class name="com.VMS.TestCases.TC_CameraAndDevicesPageTest">
        <test-method is-config="true" signature="setup()[pri:0, instance:com.VMS.TestCases.TC_CameraAndDevicesPageTest@67f639d3]" started-at="2022-11-11T20:33:22 IST" name="setup" finished-at="2022-11-11T20:33:34 IST" duration-ms="12008" status="PASS">
          <reporter-output>
          </reporter-output>
        </test-method> <!-- setup -->
        <test-method signature="AddCamera()[pri:0, instance:com.VMS.TestCases.TC_CameraAndDevicesPageTest@67f639d3]" started-at="2022-11-11T20:33:34 IST" name="AddCamera" finished-at="2022-11-11T20:33:56 IST" duration-ms="22423" status="PASS">
          <reporter-output>
          </reporter-output>
        </test-method> <!-- AddCamera -->
      </class> <!-- com.VMS.TestCases.TC_CameraAndDevicesPageTest -->
    </test> <!-- Default test -->
  </suite> <!-- Default suite -->
</testng-results>
