<?xml version="1.0" encoding="UTF-8"?>
<testng-results ignored="0" total="1" passed="1" failed="0" skipped="0">
  <reporter-output>
  </reporter-output>
  <suite started-at="2022-11-20T19:51:17 IST" name="Default suite" finished-at="2022-11-20T19:51:47 IST" duration-ms="30221">
    <groups>
    </groups>
    <test started-at="2022-11-20T19:51:17 IST" name="Default test" finished-at="2022-11-20T19:51:47 IST" duration-ms="30221">
      <class name="com.VMS.TestCases.TC_CameraAndDevicesPageTest">
        <test-method is-config="true" signature="setup()[pri:0, instance:com.VMS.TestCases.TC_CameraAndDevicesPageTest@51e69659]" started-at="2022-11-20T19:51:17 IST" name="setup" finished-at="2022-11-20T19:51:30 IST" duration-ms="13148" status="PASS">
          <reporter-output>
          </reporter-output>
        </test-method> <!-- setup -->
        <test-method signature="AddSimulatorCamera()[pri:0, instance:com.VMS.TestCases.TC_CameraAndDevicesPageTest@51e69659]" started-at="2022-11-20T19:51:30 IST" name="AddSimulatorCamera" finished-at="2022-11-20T19:51:47 IST" duration-ms="17044" status="PASS">
          <reporter-output>
          </reporter-output>
        </test-method> <!-- AddSimulatorCamera -->
      </class> <!-- com.VMS.TestCases.TC_CameraAndDevicesPageTest -->
    </test> <!-- Default test -->
  </suite> <!-- Default suite -->
</testng-results>
