<?xml version="1.0" encoding="UTF-8"?>
<testng-results ignored="0" total="1" passed="1" failed="0" skipped="0">
  <reporter-output>
  </reporter-output>
  <suite started-at="2023-07-19T20:00:50 IST" name="Default suite" finished-at="2023-07-19T20:01:27 IST" duration-ms="36871">
    <groups>
    </groups>
    <test started-at="2023-07-19T20:00:50 IST" name="Default test" finished-at="2023-07-19T20:01:27 IST" duration-ms="36871">
      <class name="com.VMS.TestCases.TC_CameraAndDevicesPageTest">
        <test-method is-config="true" signature="setup()[pri:0, instance:com.VMS.TestCases.TC_CameraAndDevicesPageTest@29876704]" started-at="2023-07-19T20:00:50 IST" name="setup" finished-at="2023-07-19T20:01:00 IST" duration-ms="9433" status="PASS">
          <reporter-output>
          </reporter-output>
        </test-method> <!-- setup -->
        <test-method signature="AddSimulatorCamera()[pri:0, instance:com.VMS.TestCases.TC_CameraAndDevicesPageTest@29876704]" started-at="2023-07-19T20:01:00 IST" name="AddSimulatorCamera" finished-at="2023-07-19T20:01:27 IST" duration-ms="27400" status="PASS">
          <reporter-output>
          </reporter-output>
        </test-method> <!-- AddSimulatorCamera -->
      </class> <!-- com.VMS.TestCases.TC_CameraAndDevicesPageTest -->
    </test> <!-- Default test -->
  </suite> <!-- Default suite -->
</testng-results>
