<?xml version="1.0" encoding="UTF-8"?>
<testng-results ignored="0" total="1" passed="1" failed="0" skipped="0">
  <reporter-output>
  </reporter-output>
  <suite started-at="2023-08-22T18:50:33 IST" name="Default suite" finished-at="2023-08-22T18:51:03 IST" duration-ms="29512">
    <groups>
      <group name="Setup">
        <method signature="TC_AlarmsPageTest.addVAXRelayOutputAlarm()[pri:2, instance:com.VMS.TestCases.TC_AlarmsPageTest@3dd69f5a]" name="addVAXRelayOutputAlarm" class="com.VMS.TestCases.TC_AlarmsPageTest"/>
      </group> <!-- Setup -->
      <group name="SetupVAX">
        <method signature="TC_AlarmsPageTest.addVAXRelayOutputAlarm()[pri:2, instance:com.VMS.TestCases.TC_AlarmsPageTest@3dd69f5a]" name="addVAXRelayOutputAlarm" class="com.VMS.TestCases.TC_AlarmsPageTest"/>
      </group> <!-- SetupVAX -->
    </groups>
    <test started-at="2023-08-22T18:50:33 IST" name="Default test" finished-at="2023-08-22T18:51:03 IST" duration-ms="29512">
      <class name="com.VMS.TestCases.TC_AlarmsPageTest">
        <test-method is-config="true" signature="setup()[pri:0, instance:com.VMS.TestCases.TC_AlarmsPageTest@3dd69f5a]" started-at="2023-08-22T18:50:25 IST" name="setup" finished-at="2023-08-22T18:50:33 IST" duration-ms="8379" status="PASS">
          <reporter-output>
          </reporter-output>
        </test-method> <!-- setup -->
        <test-method is-config="true" signature="OpenAlarmsPage()[pri:0, instance:com.VMS.TestCases.TC_AlarmsPageTest@3dd69f5a]" started-at="2023-08-22T18:50:33 IST" name="OpenAlarmsPage" finished-at="2023-08-22T18:50:35 IST" duration-ms="1625" status="PASS">
          <reporter-output>
          </reporter-output>
        </test-method> <!-- OpenAlarmsPage -->
        <test-method signature="addVAXRelayOutputAlarm()[pri:2, instance:com.VMS.TestCases.TC_AlarmsPageTest@3dd69f5a]" started-at="2023-08-22T18:50:35 IST" name="addVAXRelayOutputAlarm" finished-at="2023-08-22T18:51:03 IST" duration-ms="27860" status="PASS">
          <reporter-output>
          </reporter-output>
        </test-method> <!-- addVAXRelayOutputAlarm -->
      </class> <!-- com.VMS.TestCases.TC_AlarmsPageTest -->
    </test> <!-- Default test -->
  </suite> <!-- Default suite -->
</testng-results>
