<?xml version="1.0" encoding="UTF-8"?>
<testng-results ignored="0" total="2" passed="2" failed="0" skipped="0">
  <reporter-output>
  </reporter-output>
  <suite started-at="2022-11-30T19:32:11 IST" name="Default suite" finished-at="2022-11-30T19:32:48 IST" duration-ms="37026">
    <groups>
    </groups>
    <test started-at="2022-11-30T19:32:11 IST" name="Default test" finished-at="2022-11-30T19:32:48 IST" duration-ms="37026">
      <class name="com.VMS.TestCases.TC_ProcedurePageTest">
        <test-method is-config="true" signature="setup()[pri:0, instance:com.VMS.TestCases.TC_ProcedurePageTest@5a7fe64f]" started-at="2022-11-30T19:32:11 IST" name="setup" finished-at="2022-11-30T19:32:21 IST" duration-ms="10360" status="PASS">
          <reporter-output>
          </reporter-output>
        </test-method> <!-- setup -->
        <test-method signature="openProcedurePage()[pri:0, instance:com.VMS.TestCases.TC_ProcedurePageTest@5a7fe64f]" started-at="2022-11-30T19:32:21 IST" name="openProcedurePage" finished-at="2022-11-30T19:32:33 IST" duration-ms="11537" status="PASS">
          <reporter-output>
          </reporter-output>
        </test-method> <!-- openProcedurePage -->
        <test-method signature="addProcedureToAttachFileForReference()[pri:4, instance:com.VMS.TestCases.TC_ProcedurePageTest@5a7fe64f]" started-at="2022-11-30T19:32:33 IST" name="addProcedureToAttachFileForReference" finished-at="2022-11-30T19:32:48 IST" duration-ms="15078" status="PASS">
          <reporter-output>
          </reporter-output>
        </test-method> <!-- addProcedureToAttachFileForReference -->
      </class> <!-- com.VMS.TestCases.TC_ProcedurePageTest -->
    </test> <!-- Default test -->
  </suite> <!-- Default suite -->
</testng-results>
