<?xml version="1.0" encoding="UTF-8"?>
<testng-results ignored="1" total="8" passed="6" failed="1" skipped="0">
  <reporter-output>
  </reporter-output>
  <suite started-at="2023-07-25T19:44:38 IST" name="Suite" finished-at="2023-07-25T19:46:23 IST" duration-ms="105001">
    <groups>
      <group name="SetupVAS">
        <method signature="TC_ProcedurePageTest.addProcedureToAttachFileForReference()[pri:4, instance:com.VMS.TestCases.TC_ProcedurePageTest@2187fff7]" name="addProcedureToAttachFileForReference" class="com.VMS.TestCases.TC_ProcedurePageTest"/>
        <method signature="TC_ProcedurePageTest.addProcedureUserMustCommentToAcknowledge()[pri:2, instance:com.VMS.TestCases.TC_ProcedurePageTest@2187fff7]" name="addProcedureUserMustCommentToAcknowledge" class="com.VMS.TestCases.TC_ProcedurePageTest"/>
      </group> <!-- SetupVAS -->
      <group name="Setup">
        <method signature="TC_ProcedurePageTest.addProcedureToAcknowledge()[pri:1, instance:com.VMS.TestCases.TC_ProcedurePageTest@2187fff7]" name="addProcedureToAcknowledge" class="com.VMS.TestCases.TC_ProcedurePageTest"/>
        <method signature="TC_ProcedurePageTest.addProcedureToAttachFileForReference()[pri:4, instance:com.VMS.TestCases.TC_ProcedurePageTest@2187fff7]" name="addProcedureToAttachFileForReference" class="com.VMS.TestCases.TC_ProcedurePageTest"/>
        <method signature="TC_ProcedurePageTest.addProcedureUserMustCommentToAcknowledge()[pri:2, instance:com.VMS.TestCases.TC_ProcedurePageTest@2187fff7]" name="addProcedureUserMustCommentToAcknowledge" class="com.VMS.TestCases.TC_ProcedurePageTest"/>
      </group> <!-- Setup -->
      <group name="SetupVAX">
        <method signature="TC_ProcedurePageTest.addProcedureToAttachFileForReference()[pri:4, instance:com.VMS.TestCases.TC_ProcedurePageTest@2187fff7]" name="addProcedureToAttachFileForReference" class="com.VMS.TestCases.TC_ProcedurePageTest"/>
        <method signature="TC_ProcedurePageTest.addProcedureUserMustCommentToAcknowledge()[pri:2, instance:com.VMS.TestCases.TC_ProcedurePageTest@2187fff7]" name="addProcedureUserMustCommentToAcknowledge" class="com.VMS.TestCases.TC_ProcedurePageTest"/>
      </group> <!-- SetupVAX -->
    </groups>
    <test started-at="2023-07-25T19:44:38 IST" name="OldVMSVersionSetup(BeforeUpgrade)" finished-at="2023-07-25T19:46:23 IST" duration-ms="105001">
      <class name="com.VMS.TestCases.TC_WebPagesTest">
        <test-method is-config="true" signature="setup()[pri:0, instance:com.VMS.TestCases.TC_WebPagesTest@61d9efe0]" started-at="2023-07-25T19:44:29 IST" name="setup" finished-at="2023-07-25T19:44:38 IST" duration-ms="9626" status="PASS">
          <reporter-output>
          </reporter-output>
        </test-method> <!-- setup -->
        <test-method signature="OpenWebPages()[pri:0, instance:com.VMS.TestCases.TC_WebPagesTest@61d9efe0]" started-at="2023-07-25T19:44:38 IST" name="OpenWebPages" finished-at="2023-07-25T19:44:40 IST" duration-ms="1017" status="PASS">
          <reporter-output>
          </reporter-output>
        </test-method> <!-- OpenWebPages -->
        <test-method signature="AddSingleWebPages()[pri:1, instance:com.VMS.TestCases.TC_WebPagesTest@61d9efe0]" started-at="2023-07-25T19:44:40 IST" name="AddSingleWebPages" finished-at="2023-07-25T19:44:43 IST" duration-ms="3801" status="PASS">
          <reporter-output>
          </reporter-output>
        </test-method> <!-- AddSingleWebPages -->
        <test-method signature="deleteWebPages()[pri:2, instance:com.VMS.TestCases.TC_WebPagesTest@61d9efe0]" started-at="2023-07-25T19:44:43 IST" name="deleteWebPages" finished-at="2023-07-25T19:45:16 IST" duration-ms="32808" status="PASS">
          <reporter-output>
          </reporter-output>
        </test-method> <!-- deleteWebPages -->
        <test-method signature="addAllWebpage()[pri:3, instance:com.VMS.TestCases.TC_WebPagesTest@61d9efe0]" started-at="2023-07-25T19:45:16 IST" name="addAllWebpage" finished-at="2023-07-25T19:45:46 IST" duration-ms="30128" status="PASS">
          <reporter-output>
          </reporter-output>
        </test-method> <!-- addAllWebpage -->
      </class> <!-- com.VMS.TestCases.TC_WebPagesTest -->
      <class name="com.VMS.TestCases.TC_ProcedurePageTest">
        <test-method is-config="true" signature="OpenProcedurePage()[pri:0, instance:com.VMS.TestCases.TC_ProcedurePageTest@2187fff7]" started-at="2023-07-25T19:45:46 IST" name="OpenProcedurePage" finished-at="2023-07-25T19:46:18 IST" duration-ms="31479" status="PASS">
          <reporter-output>
          </reporter-output>
        </test-method> <!-- OpenProcedurePage -->
        <test-method signature="addProcedureToAcknowledge()[pri:1, instance:com.VMS.TestCases.TC_ProcedurePageTest@2187fff7]" started-at="2023-07-25T19:46:18 IST" name="addProcedureToAcknowledge" finished-at="2023-07-25T19:46:19 IST" duration-ms="1043" status="PASS">
          <reporter-output>
          </reporter-output>
        </test-method> <!-- addProcedureToAcknowledge -->
        <test-method signature="addProcedureUserMustCommentToAcknowledge()[pri:2, instance:com.VMS.TestCases.TC_ProcedurePageTest@2187fff7]" started-at="2023-07-25T19:46:19 IST" name="addProcedureUserMustCommentToAcknowledge" finished-at="2023-07-25T19:46:20 IST" duration-ms="1635" status="PASS">
          <reporter-output>
          </reporter-output>
        </test-method> <!-- addProcedureUserMustCommentToAcknowledge -->
        <test-method signature="addProcedureToAttachFileForReference()[pri:4, instance:com.VMS.TestCases.TC_ProcedurePageTest@2187fff7]" started-at="2023-07-25T19:46:20 IST" name="addProcedureToAttachFileForReference" finished-at="2023-07-25T19:46:23 IST" duration-ms="2781" status="FAIL">
          <exception class="java.lang.AssertionError">
            <message>
              <![CDATA[null]]>
            </message>
            <full-stacktrace>
              <![CDATA[java.lang.AssertionError: null
at org.testng.Assert.fail(Assert.java:99)
at org.testng.Assert.fail(Assert.java:106)
at com.VMS.TestCases.TC_ProcedurePageTest.addProcedureToAttachFileForReference(TC_ProcedurePageTest.java:85)
at java.base/jdk.internal.reflect.DirectMethodHandleAccessor.invoke(DirectMethodHandleAccessor.java:104)
at java.base/java.lang.reflect.Method.invoke(Method.java:577)
at org.testng.internal.MethodInvocationHelper.invokeMethod(MethodInvocationHelper.java:133)
at org.testng.internal.TestInvoker.invokeMethod(TestInvoker.java:598)
at org.testng.internal.TestInvoker.invokeTestMethod(TestInvoker.java:173)
at org.testng.internal.MethodRunner.runInSequence(MethodRunner.java:46)
at org.testng.internal.TestInvoker$MethodInvocationAgent.invoke(TestInvoker.java:824)
at org.testng.internal.TestInvoker.invokeTestMethods(TestInvoker.java:146)
at org.testng.internal.TestMethodWorker.invokeTestMethods(TestMethodWorker.java:146)
at org.testng.internal.TestMethodWorker.run(TestMethodWorker.java:128)
at java.base/java.util.ArrayList.forEach(ArrayList.java:1511)
at org.testng.TestRunner.privateRun(TestRunner.java:794)
at org.testng.TestRunner.run(TestRunner.java:596)
at org.testng.SuiteRunner.runTest(SuiteRunner.java:377)
at org.testng.SuiteRunner.runSequentially(SuiteRunner.java:371)
at org.testng.SuiteRunner.privateRun(SuiteRunner.java:332)
at org.testng.SuiteRunner.run(SuiteRunner.java:276)
at org.testng.SuiteRunnerWorker.runSuite(SuiteRunnerWorker.java:53)
at org.testng.SuiteRunnerWorker.run(SuiteRunnerWorker.java:96)
at org.testng.TestNG.runSuitesSequentially(TestNG.java:1212)
at org.testng.TestNG.runSuitesLocally(TestNG.java:1134)
at org.testng.TestNG.runSuites(TestNG.java:1063)
at org.testng.TestNG.run(TestNG.java:1031)
at org.testng.remote.AbstractRemoteTestNG.run(AbstractRemoteTestNG.java:115)
at org.testng.remote.RemoteTestNG.initAndRun(RemoteTestNG.java:251)
at org.testng.remote.RemoteTestNG.main(RemoteTestNG.java:77)
]]>
            </full-stacktrace>
          </exception> <!-- java.lang.AssertionError -->
          <reporter-output>
          </reporter-output>
        </test-method> <!-- addProcedureToAttachFileForReference -->
      </class> <!-- com.VMS.TestCases.TC_ProcedurePageTest -->
    </test> <!-- OldVMSVersionSetup(BeforeUpgrade) -->
  </suite> <!-- Suite -->
</testng-results>
