<?xml version="1.0" encoding="UTF-8"?>
<testng-results ignored="0" total="1" passed="1" failed="0" skipped="0">
  <reporter-output>
  </reporter-output>
  <suite started-at="2023-07-20T20:23:52 IST" name="Default suite" finished-at="2023-07-20T20:24:03 IST" duration-ms="10898">
    <groups>
    </groups>
    <test started-at="2023-07-20T20:23:52 IST" name="Default test" finished-at="2023-07-20T20:24:03 IST" duration-ms="10898">
      <class name="com.VMS.TestCases.TC_CameraAndDevicesPageTest">
        <test-method is-config="true" signature="setup()[pri:0, instance:com.VMS.TestCases.TC_CameraAndDevicesPageTest@4940809c]" started-at="2023-07-20T20:23:52 IST" name="setup" finished-at="2023-07-20T20:24:01 IST" duration-ms="8881" status="PASS">
          <reporter-output>
          </reporter-output>
        </test-method> <!-- setup -->
        <test-method signature="OpenCameraAndDevicesPage()[pri:0, instance:com.VMS.TestCases.TC_CameraAndDevicesPageTest@4940809c]" started-at="2023-07-20T20:24:01 IST" name="OpenCameraAndDevicesPage" finished-at="2023-07-20T20:24:03 IST" duration-ms="1592" status="PASS">
          <reporter-output>
          </reporter-output>
        </test-method> <!-- OpenCameraAndDevicesPage -->
        <test-method is-config="true" signature="tearDown()[pri:0, instance:com.VMS.TestCases.TC_CameraAndDevicesPageTest@4940809c]" started-at="2023-07-20T20:24:03 IST" name="tearDown" finished-at="2023-07-20T20:24:03 IST" duration-ms="378" status="PASS">
          <reporter-output>
          </reporter-output>
        </test-method> <!-- tearDown -->
      </class> <!-- com.VMS.TestCases.TC_CameraAndDevicesPageTest -->
    </test> <!-- Default test -->
  </suite> <!-- Default suite -->
</testng-results>
