<?xml version="1.0" encoding="UTF-8"?>
<testng-results ignored="0" total="7" passed="7" failed="0" skipped="0">
  <reporter-output>
  </reporter-output>
  <suite started-at="2022-11-14T20:34:05 IST" name="Suite" finished-at="2022-11-14T20:35:54 IST" duration-ms="108866">
    <groups>
    </groups>
    <test started-at="2022-11-14T20:34:05 IST" name="Test" finished-at="2022-11-14T20:35:54 IST" duration-ms="108866">
      <class name="com.VMS.TestCases.TC_WebPagesTest">
        <test-method is-config="true" signature="setup()[pri:0, instance:com.VMS.TestCases.TC_WebPagesTest@2dc54ad4]" started-at="2022-11-14T20:35:08 IST" name="setup" finished-at="2022-11-14T20:35:16 IST" duration-ms="7683" status="PASS">
          <reporter-output>
          </reporter-output>
        </test-method> <!-- setup -->
        <test-method signature="AddWebPages()[pri:1, instance:com.VMS.TestCases.TC_WebPagesTest@2dc54ad4]" started-at="2022-11-14T20:35:16 IST" name="AddWebPages" finished-at="2022-11-14T20:35:35 IST" duration-ms="18894" status="PASS">
          <reporter-output>
          </reporter-output>
        </test-method> <!-- AddWebPages -->
        <test-method signature="deleteWebPages()[pri:2, instance:com.VMS.TestCases.TC_WebPagesTest@2dc54ad4]" started-at="2022-11-14T20:35:35 IST" name="deleteWebPages" finished-at="2022-11-14T20:35:54 IST" duration-ms="19092" status="PASS">
          <reporter-output>
          </reporter-output>
        </test-method> <!-- deleteWebPages -->
      </class> <!-- com.VMS.TestCases.TC_WebPagesTest -->
      <class name="com.VMS.TestCases.TC_loginPageTest">
        <test-method is-config="true" signature="setup()[pri:0, instance:com.VMS.TestCases.TC_loginPageTest@201a4587]" started-at="2022-11-14T20:34:05 IST" name="setup" finished-at="2022-11-14T20:34:15 IST" duration-ms="9181" status="PASS">
          <reporter-output>
          </reporter-output>
        </test-method> <!-- setup -->
        <test-method signature="verifyADMINLogin()[pri:1, instance:com.VMS.TestCases.TC_loginPageTest@201a4587]" started-at="2022-11-14T20:34:15 IST" name="verifyADMINLogin" finished-at="2022-11-14T20:34:15 IST" duration-ms="13" status="PASS">
          <reporter-output>
          </reporter-output>
        </test-method> <!-- verifyADMINLogin -->
        <test-method signature="verifyLogOut()[pri:2, instance:com.VMS.TestCases.TC_loginPageTest@201a4587]" started-at="2022-11-14T20:34:15 IST" name="verifyLogOut" finished-at="2022-11-14T20:34:16 IST" duration-ms="1462" status="PASS">
          <reporter-output>
          </reporter-output>
        </test-method> <!-- verifyLogOut -->
      </class> <!-- com.VMS.TestCases.TC_loginPageTest -->
      <class name="com.VMS.TestCases.TC_IntrgrationPartnerPageTest">
        <test-method is-config="true" signature="setup()[pri:0, instance:com.VMS.TestCases.TC_IntrgrationPartnerPageTest@1151e434]" started-at="2022-11-14T20:34:16 IST" name="setup" finished-at="2022-11-14T20:34:24 IST" duration-ms="7551" status="PASS">
          <reporter-output>
          </reporter-output>
        </test-method> <!-- setup -->
        <test-method signature="AddIntrgrationPartner()[pri:1, instance:com.VMS.TestCases.TC_IntrgrationPartnerPageTest@1151e434]" started-at="2022-11-14T20:34:24 IST" name="AddIntrgrationPartner" finished-at="2022-11-14T20:34:26 IST" duration-ms="2404" status="PASS">
          <reporter-output>
          </reporter-output>
        </test-method> <!-- AddIntrgrationPartner -->
        <test-method signature="RefreshUserInformationfeature()[pri:2, instance:com.VMS.TestCases.TC_IntrgrationPartnerPageTest@1151e434]" started-at="2022-11-14T20:34:26 IST" name="RefreshUserInformationfeature" finished-at="2022-11-14T20:34:46 IST" duration-ms="20340" status="PASS">
          <reporter-output>
          </reporter-output>
        </test-method> <!-- RefreshUserInformationfeature -->
        <test-method signature="DeleteIntrgrationPartner()[pri:3, instance:com.VMS.TestCases.TC_IntrgrationPartnerPageTest@1151e434]" started-at="2022-11-14T20:34:46 IST" name="DeleteIntrgrationPartner" finished-at="2022-11-14T20:35:08 IST" duration-ms="21965" status="PASS">
          <reporter-output>
          </reporter-output>
        </test-method> <!-- DeleteIntrgrationPartner -->
      </class> <!-- com.VMS.TestCases.TC_IntrgrationPartnerPageTest -->
    </test> <!-- Test -->
  </suite> <!-- Suite -->
</testng-results>
