<?xml version="1.0" encoding="UTF-8"?>
<testng-results ignored="1" total="9" passed="8" failed="0" skipped="0">
  <reporter-output>
  </reporter-output>
  <suite started-at="2023-08-07T15:24:32 IST" name="Suite" finished-at="2023-08-07T15:26:17 IST" duration-ms="104807">
    <groups>
      <group name="SetupVAS">
        <method signature="TC_ProcedurePageTest.addProcedureToAttachFileForReference()[pri:4, instance:com.VMS.TestCases.TC_ProcedurePageTest@21d5c1a0]" name="addProcedureToAttachFileForReference" class="com.VMS.TestCases.TC_ProcedurePageTest"/>
        <method signature="TC_ProcedurePageTest.addProcedureUserMustCommentToAcknowledge()[pri:2, instance:com.VMS.TestCases.TC_ProcedurePageTest@21d5c1a0]" name="addProcedureUserMustCommentToAcknowledge" class="com.VMS.TestCases.TC_ProcedurePageTest"/>
      </group> <!-- SetupVAS -->
      <group name="Setup">
        <method signature="TC_ProcedurePageTest.addProcedureToAcknowledge()[pri:1, instance:com.VMS.TestCases.TC_ProcedurePageTest@21d5c1a0]" name="addProcedureToAcknowledge" class="com.VMS.TestCases.TC_ProcedurePageTest"/>
        <method signature="TC_ProcedurePageTest.addProcedureToAttachFileForReference()[pri:4, instance:com.VMS.TestCases.TC_ProcedurePageTest@21d5c1a0]" name="addProcedureToAttachFileForReference" class="com.VMS.TestCases.TC_ProcedurePageTest"/>
        <method signature="TC_ProcedurePageTest.addProcedureUserMustCommentToAcknowledge()[pri:2, instance:com.VMS.TestCases.TC_ProcedurePageTest@21d5c1a0]" name="addProcedureUserMustCommentToAcknowledge" class="com.VMS.TestCases.TC_ProcedurePageTest"/>
      </group> <!-- Setup -->
      <group name="SetupVAX">
        <method signature="TC_ProcedurePageTest.addProcedureToAttachFileForReference()[pri:4, instance:com.VMS.TestCases.TC_ProcedurePageTest@21d5c1a0]" name="addProcedureToAttachFileForReference" class="com.VMS.TestCases.TC_ProcedurePageTest"/>
        <method signature="TC_ProcedurePageTest.addProcedureUserMustCommentToAcknowledge()[pri:2, instance:com.VMS.TestCases.TC_ProcedurePageTest@21d5c1a0]" name="addProcedureUserMustCommentToAcknowledge" class="com.VMS.TestCases.TC_ProcedurePageTest"/>
      </group> <!-- SetupVAX -->
    </groups>
    <test started-at="2023-08-07T15:24:32 IST" name="VAXSetup" finished-at="2023-08-07T15:26:17 IST" duration-ms="104807">
      <class name="com.VMS.TestCases.TC_WebPagesTest">
        <test-method is-config="true" signature="setup()[pri:0, instance:com.VMS.TestCases.TC_WebPagesTest@e6516e]" started-at="2023-08-07T15:24:23 IST" name="setup" finished-at="2023-08-07T15:24:32 IST" duration-ms="9772" status="PASS">
          <reporter-output>
          </reporter-output>
        </test-method> <!-- setup -->
        <test-method is-config="true" signature="OpenWebPagesPage()[pri:0, instance:com.VMS.TestCases.TC_WebPagesTest@e6516e]" started-at="2023-08-07T15:24:33 IST" name="OpenWebPagesPage" finished-at="2023-08-07T15:24:34 IST" duration-ms="1442" status="PASS">
          <reporter-output>
          </reporter-output>
        </test-method> <!-- OpenWebPagesPage -->
        <test-method signature="verifyWebPagesPageisOpened()[pri:0, instance:com.VMS.TestCases.TC_WebPagesTest@e6516e]" started-at="2023-08-07T15:24:34 IST" name="verifyWebPagesPageisOpened" finished-at="2023-08-07T15:24:34 IST" duration-ms="18" status="PASS">
          <reporter-output>
          </reporter-output>
        </test-method> <!-- verifyWebPagesPageisOpened -->
        <test-method signature="AddSingleWebPages()[pri:1, instance:com.VMS.TestCases.TC_WebPagesTest@e6516e]" started-at="2023-08-07T15:24:34 IST" name="AddSingleWebPages" finished-at="2023-08-07T15:24:38 IST" duration-ms="3810" status="PASS">
          <reporter-output>
          </reporter-output>
        </test-method> <!-- AddSingleWebPages -->
        <test-method signature="deleteWebPages()[pri:2, instance:com.VMS.TestCases.TC_WebPagesTest@e6516e]" started-at="2023-08-07T15:24:38 IST" name="deleteWebPages" finished-at="2023-08-07T15:25:11 IST" duration-ms="32836" status="PASS">
          <reporter-output>
          </reporter-output>
        </test-method> <!-- deleteWebPages -->
        <test-method signature="addAllWebpage()[pri:3, instance:com.VMS.TestCases.TC_WebPagesTest@e6516e]" started-at="2023-08-07T15:25:11 IST" name="addAllWebpage" finished-at="2023-08-07T15:25:40 IST" duration-ms="29614" status="PASS">
          <reporter-output>
          </reporter-output>
        </test-method> <!-- addAllWebpage -->
      </class> <!-- com.VMS.TestCases.TC_WebPagesTest -->
      <class name="com.VMS.TestCases.TC_ProcedurePageTest">
        <test-method is-config="true" signature="OpenProcedurePage()[pri:0, instance:com.VMS.TestCases.TC_ProcedurePageTest@21d5c1a0]" started-at="2023-08-07T15:25:40 IST" name="OpenProcedurePage" finished-at="2023-08-07T15:26:12 IST" duration-ms="31439" status="PASS">
          <reporter-output>
          </reporter-output>
        </test-method> <!-- OpenProcedurePage -->
        <test-method signature="verifyProcedurePageisOpened()[pri:0, instance:com.VMS.TestCases.TC_ProcedurePageTest@21d5c1a0]" started-at="2023-08-07T15:26:12 IST" name="verifyProcedurePageisOpened" finished-at="2023-08-07T15:26:12 IST" duration-ms="10" status="PASS">
          <reporter-output>
          </reporter-output>
        </test-method> <!-- verifyProcedurePageisOpened -->
        <test-method signature="addProcedureToAcknowledge()[pri:1, instance:com.VMS.TestCases.TC_ProcedurePageTest@21d5c1a0]" started-at="2023-08-07T15:26:12 IST" name="addProcedureToAcknowledge" finished-at="2023-08-07T15:26:13 IST" duration-ms="925" status="PASS">
          <reporter-output>
          </reporter-output>
        </test-method> <!-- addProcedureToAcknowledge -->
        <test-method signature="addProcedureUserMustCommentToAcknowledge()[pri:2, instance:com.VMS.TestCases.TC_ProcedurePageTest@21d5c1a0]" started-at="2023-08-07T15:26:13 IST" name="addProcedureUserMustCommentToAcknowledge" finished-at="2023-08-07T15:26:14 IST" duration-ms="1616" status="PASS">
          <reporter-output>
          </reporter-output>
        </test-method> <!-- addProcedureUserMustCommentToAcknowledge -->
        <test-method signature="addProcedureToAttachFileForReference()[pri:4, instance:com.VMS.TestCases.TC_ProcedurePageTest@21d5c1a0]" started-at="2023-08-07T15:26:14 IST" name="addProcedureToAttachFileForReference" finished-at="2023-08-07T15:26:17 IST" duration-ms="2798" status="PASS">
          <reporter-output>
          </reporter-output>
        </test-method> <!-- addProcedureToAttachFileForReference -->
      </class> <!-- com.VMS.TestCases.TC_ProcedurePageTest -->
    </test> <!-- VAXSetup -->
  </suite> <!-- Suite -->
</testng-results>
