<?xml version="1.0" encoding="UTF-8"?>
<testng-results ignored="0" total="4" passed="4" failed="0" skipped="0">
  <reporter-output>
  </reporter-output>
  <suite started-at="2022-11-28T19:43:26 IST" name="Default suite" finished-at="2022-11-28T19:47:19 IST" duration-ms="232772">
    <groups>
    </groups>
    <test started-at="2022-11-28T19:43:26 IST" name="Default test" finished-at="2022-11-28T19:47:19 IST" duration-ms="232772">
      <class name="com.VMS.TestCases.TC_AlarmsPageTest">
        <test-method is-config="true" signature="setup()[pri:0, instance:com.VMS.TestCases.TC_AlarmsPageTest@12591ac8]" started-at="2022-11-28T19:43:26 IST" name="setup" finished-at="2022-11-28T19:43:40 IST" duration-ms="13658" status="PASS">
          <reporter-output>
          </reporter-output>
        </test-method> <!-- setup -->
        <test-method signature="addVAXAlarmsDoorLocked()[pri:1, instance:com.VMS.TestCases.TC_AlarmsPageTest@12591ac8]" started-at="2022-11-28T19:43:40 IST" name="addVAXAlarmsDoorLocked" finished-at="2022-11-28T19:44:46 IST" duration-ms="66533" status="PASS">
          <reporter-output>
          </reporter-output>
        </test-method> <!-- addVAXAlarmsDoorLocked -->
        <test-method signature="addVAXAlarmsDoorUnlocked()[pri:2, instance:com.VMS.TestCases.TC_AlarmsPageTest@12591ac8]" started-at="2022-11-28T19:44:46 IST" name="addVAXAlarmsDoorUnlocked" finished-at="2022-11-28T19:45:38 IST" duration-ms="51196" status="PASS">
          <reporter-output>
          </reporter-output>
        </test-method> <!-- addVAXAlarmsDoorUnlocked -->
        <test-method signature="addVAXAlarmsDoorOpen()[pri:3, instance:com.VMS.TestCases.TC_AlarmsPageTest@12591ac8]" started-at="2022-11-28T19:45:38 IST" name="addVAXAlarmsDoorOpen" finished-at="2022-11-28T19:46:29 IST" duration-ms="50950" status="PASS">
          <reporter-output>
          </reporter-output>
        </test-method> <!-- addVAXAlarmsDoorOpen -->
        <test-method signature="addVAXAlarmsDoorClose()[pri:4, instance:com.VMS.TestCases.TC_AlarmsPageTest@12591ac8]" started-at="2022-11-28T19:46:29 IST" name="addVAXAlarmsDoorClose" finished-at="2022-11-28T19:47:19 IST" duration-ms="50391" status="PASS">
          <reporter-output>
          </reporter-output>
        </test-method> <!-- addVAXAlarmsDoorClose -->
      </class> <!-- com.VMS.TestCases.TC_AlarmsPageTest -->
    </test> <!-- Default test -->
  </suite> <!-- Default suite -->
</testng-results>
