<?xml version="1.0" encoding="UTF-8"?>
<testng-results ignored="0" total="1" passed="1" failed="0" skipped="0">
  <reporter-output>
  </reporter-output>
  <suite started-at="2022-11-21T17:40:57 IST" name="Default suite" finished-at="2022-11-21T17:41:37 IST" duration-ms="39849">
    <groups>
    </groups>
    <test started-at="2022-11-21T17:40:57 IST" name="Default test" finished-at="2022-11-21T17:41:37 IST" duration-ms="39849">
      <class name="com.VMS.TestCases.TC_AlarmsPageTest">
        <test-method is-config="true" signature="setup()[pri:0, instance:com.VMS.TestCases.TC_AlarmsPageTest@659499f1]" started-at="2022-11-21T17:40:57 IST" name="setup" finished-at="2022-11-21T17:41:08 IST" duration-ms="11634" status="PASS">
          <reporter-output>
          </reporter-output>
        </test-method> <!-- setup -->
        <test-method signature="addVAXAlarms()[pri:0, instance:com.VMS.TestCases.TC_AlarmsPageTest@659499f1]" started-at="2022-11-21T17:41:08 IST" name="addVAXAlarms" finished-at="2022-11-21T17:41:37 IST" duration-ms="28184" status="PASS">
          <reporter-output>
          </reporter-output>
        </test-method> <!-- addVAXAlarms -->
      </class> <!-- com.VMS.TestCases.TC_AlarmsPageTest -->
    </test> <!-- Default test -->
  </suite> <!-- Default suite -->
</testng-results>
