<?xml version="1.0" encoding="UTF-8"?>
<testng-results ignored="0" total="11" passed="10" failed="1" skipped="0">
  <reporter-output>
  </reporter-output>
  <suite started-at="2023-07-21T13:19:08 IST" name="Suite" finished-at="2023-07-21T13:20:32 IST" duration-ms="83382">
    <groups>
      <group name="SetupVAS">
        <method signature="TC_ProcedurePageTest.addProcedureToAttachFileForReference()[pri:4, instance:com.VMS.TestCases.TC_ProcedurePageTest@6691490c]" name="addProcedureToAttachFileForReference" class="com.VMS.TestCases.TC_ProcedurePageTest"/>
        <method signature="TC_ProcedurePageTest.addProcedureToOpenNextActionAfterAck()[pri:3, instance:com.VMS.TestCases.TC_ProcedurePageTest@6691490c]" name="addProcedureToOpenNextActionAfterAck" class="com.VMS.TestCases.TC_ProcedurePageTest"/>
        <method signature="TC_ProcedurePageTest.addProcedureUserMustCommentToAcknowledge()[pri:2, instance:com.VMS.TestCases.TC_ProcedurePageTest@6691490c]" name="addProcedureUserMustCommentToAcknowledge" class="com.VMS.TestCases.TC_ProcedurePageTest"/>
      </group> <!-- SetupVAS -->
      <group name="Setup">
        <method signature="TC_NetworkingPageTest.enableVAXTab()[pri:0, instance:com.VMS.TestCases.TC_NetworkingPageTest@2e5c7f0b]" name="enableVAXTab" class="com.VMS.TestCases.TC_NetworkingPageTest"/>
        <method signature="TC_NetworkingPageTest.verifyIntegratedVAX()[pri:1, instance:com.VMS.TestCases.TC_NetworkingPageTest@2e5c7f0b]" name="verifyIntegratedVAX" class="com.VMS.TestCases.TC_NetworkingPageTest"/>
        <method signature="TC_ProcedurePageTest.addProcedureToAcknowledge()[pri:1, instance:com.VMS.TestCases.TC_ProcedurePageTest@6691490c]" name="addProcedureToAcknowledge" class="com.VMS.TestCases.TC_ProcedurePageTest"/>
        <method signature="TC_ProcedurePageTest.addProcedureToAttachFileForReference()[pri:4, instance:com.VMS.TestCases.TC_ProcedurePageTest@6691490c]" name="addProcedureToAttachFileForReference" class="com.VMS.TestCases.TC_ProcedurePageTest"/>
        <method signature="TC_ProcedurePageTest.addProcedureToOpenNextActionAfterAck()[pri:3, instance:com.VMS.TestCases.TC_ProcedurePageTest@6691490c]" name="addProcedureToOpenNextActionAfterAck" class="com.VMS.TestCases.TC_ProcedurePageTest"/>
        <method signature="TC_ProcedurePageTest.addProcedureUserMustCommentToAcknowledge()[pri:2, instance:com.VMS.TestCases.TC_ProcedurePageTest@6691490c]" name="addProcedureUserMustCommentToAcknowledge" class="com.VMS.TestCases.TC_ProcedurePageTest"/>
      </group> <!-- Setup -->
      <group name="SetupVAX">
        <method signature="TC_NetworkingPageTest.enableVAXTab()[pri:0, instance:com.VMS.TestCases.TC_NetworkingPageTest@2e5c7f0b]" name="enableVAXTab" class="com.VMS.TestCases.TC_NetworkingPageTest"/>
        <method signature="TC_ProcedurePageTest.addProcedureToAttachFileForReference()[pri:4, instance:com.VMS.TestCases.TC_ProcedurePageTest@6691490c]" name="addProcedureToAttachFileForReference" class="com.VMS.TestCases.TC_ProcedurePageTest"/>
        <method signature="TC_ProcedurePageTest.addProcedureToOpenNextActionAfterAck()[pri:3, instance:com.VMS.TestCases.TC_ProcedurePageTest@6691490c]" name="addProcedureToOpenNextActionAfterAck" class="com.VMS.TestCases.TC_ProcedurePageTest"/>
        <method signature="TC_ProcedurePageTest.addProcedureUserMustCommentToAcknowledge()[pri:2, instance:com.VMS.TestCases.TC_ProcedurePageTest@6691490c]" name="addProcedureUserMustCommentToAcknowledge" class="com.VMS.TestCases.TC_ProcedurePageTest"/>
      </group> <!-- SetupVAX -->
    </groups>
    <test started-at="2023-07-21T13:19:08 IST" name="OldVMSVersionSetup(BeforeUpgrade)" finished-at="2023-07-21T13:20:32 IST" duration-ms="83382">
      <class name="com.VMS.TestCases.TC_NetworkingPageTest">
        <test-method is-config="true" signature="setup()[pri:0, instance:com.VMS.TestCases.TC_NetworkingPageTest@2e5c7f0b]" started-at="2023-07-21T13:20:20 IST" name="setup" finished-at="2023-07-21T13:20:27 IST" duration-ms="7653" status="PASS">
          <reporter-output>
          </reporter-output>
        </test-method> <!-- setup -->
        <test-method signature="enableVAXTab()[pri:0, instance:com.VMS.TestCases.TC_NetworkingPageTest@2e5c7f0b]" started-at="2023-07-21T13:20:27 IST" name="enableVAXTab" finished-at="2023-07-21T13:20:30 IST" duration-ms="2842" status="PASS">
          <reporter-output>
          </reporter-output>
        </test-method> <!-- enableVAXTab -->
        <test-method signature="verifyIntegratedVAX()[pri:1, instance:com.VMS.TestCases.TC_NetworkingPageTest@2e5c7f0b]" started-at="2023-07-21T13:20:30 IST" name="verifyIntegratedVAX" finished-at="2023-07-21T13:20:32 IST" duration-ms="1416" status="PASS">
          <reporter-output>
          </reporter-output>
        </test-method> <!-- verifyIntegratedVAX -->
        <test-method is-config="true" signature="tearDown()[pri:0, instance:com.VMS.TestCases.TC_NetworkingPageTest@2e5c7f0b]" started-at="2023-07-21T13:20:32 IST" name="tearDown" finished-at="2023-07-21T13:20:32 IST" duration-ms="277" status="PASS">
          <reporter-output>
          </reporter-output>
        </test-method> <!-- tearDown -->
      </class> <!-- com.VMS.TestCases.TC_NetworkingPageTest -->
      <class name="com.VMS.TestCases.TC_WebPagesTest">
        <test-method is-config="true" signature="setup()[pri:0, instance:com.VMS.TestCases.TC_WebPagesTest@2f4854d6]" started-at="2023-07-21T13:19:09 IST" name="setup" finished-at="2023-07-21T13:19:21 IST" duration-ms="12109" status="PASS">
          <reporter-output>
          </reporter-output>
        </test-method> <!-- setup -->
        <test-method signature="OpenWebPages()[pri:0, instance:com.VMS.TestCases.TC_WebPagesTest@2f4854d6]" started-at="2023-07-21T13:19:21 IST" name="OpenWebPages" finished-at="2023-07-21T13:19:22 IST" duration-ms="1085" status="PASS">
          <reporter-output>
          </reporter-output>
        </test-method> <!-- OpenWebPages -->
        <test-method signature="addAllWebpage()[pri:0, instance:com.VMS.TestCases.TC_WebPagesTest@2f4854d6]" started-at="2023-07-21T13:19:22 IST" name="addAllWebpage" finished-at="2023-07-21T13:19:52 IST" duration-ms="29773" status="PASS">
          <reporter-output>
          </reporter-output>
        </test-method> <!-- addAllWebpage -->
        <test-method is-config="true" signature="tearDown()[pri:0, instance:com.VMS.TestCases.TC_WebPagesTest@2f4854d6]" started-at="2023-07-21T13:19:52 IST" name="tearDown" finished-at="2023-07-21T13:19:52 IST" duration-ms="400" status="PASS">
          <reporter-output>
          </reporter-output>
        </test-method> <!-- tearDown -->
      </class> <!-- com.VMS.TestCases.TC_WebPagesTest -->
      <class name="com.VMS.TestCases.TC_ProcedurePageTest">
        <test-method is-config="true" signature="setup()[pri:0, instance:com.VMS.TestCases.TC_ProcedurePageTest@6691490c]" started-at="2023-07-21T13:19:52 IST" name="setup" finished-at="2023-07-21T13:20:00 IST" duration-ms="7575" status="PASS">
          <reporter-output>
          </reporter-output>
        </test-method> <!-- setup -->
        <test-method signature="OpenProcedurePage()[pri:0, instance:com.VMS.TestCases.TC_ProcedurePageTest@6691490c]" started-at="2023-07-21T13:20:00 IST" name="OpenProcedurePage" finished-at="2023-07-21T13:20:01 IST" duration-ms="1282" status="PASS">
          <reporter-output>
          </reporter-output>
        </test-method> <!-- OpenProcedurePage -->
        <test-method signature="addProcedureToAcknowledge()[pri:1, instance:com.VMS.TestCases.TC_ProcedurePageTest@6691490c]" started-at="2023-07-21T13:20:01 IST" name="addProcedureToAcknowledge" finished-at="2023-07-21T13:20:02 IST" duration-ms="992" status="PASS">
          <reporter-output>
          </reporter-output>
        </test-method> <!-- addProcedureToAcknowledge -->
        <test-method signature="addProcedureUserMustCommentToAcknowledge()[pri:2, instance:com.VMS.TestCases.TC_ProcedurePageTest@6691490c]" started-at="2023-07-21T13:20:02 IST" name="addProcedureUserMustCommentToAcknowledge" finished-at="2023-07-21T13:20:04 IST" duration-ms="1751" status="PASS">
          <reporter-output>
          </reporter-output>
        </test-method> <!-- addProcedureUserMustCommentToAcknowledge -->
        <test-method signature="addProcedureToOpenNextActionAfterAck()[pri:3, instance:com.VMS.TestCases.TC_ProcedurePageTest@6691490c]" started-at="2023-07-21T13:20:04 IST" name="addProcedureToOpenNextActionAfterAck" finished-at="2023-07-21T13:20:06 IST" duration-ms="1996" status="PASS">
          <reporter-output>
          </reporter-output>
        </test-method> <!-- addProcedureToOpenNextActionAfterAck -->
        <test-method signature="addProcedureToAttachFileForReference()[pri:4, instance:com.VMS.TestCases.TC_ProcedurePageTest@6691490c]" started-at="2023-07-21T13:20:06 IST" name="addProcedureToAttachFileForReference" finished-at="2023-07-21T13:20:09 IST" duration-ms="2819" status="PASS">
          <reporter-output>
          </reporter-output>
        </test-method> <!-- addProcedureToAttachFileForReference -->
        <test-method is-config="true" signature="tearDown()[pri:0, instance:com.VMS.TestCases.TC_ProcedurePageTest@6691490c]" started-at="2023-07-21T13:20:09 IST" name="tearDown" finished-at="2023-07-21T13:20:09 IST" duration-ms="308" status="PASS">
          <reporter-output>
          </reporter-output>
        </test-method> <!-- tearDown -->
      </class> <!-- com.VMS.TestCases.TC_ProcedurePageTest -->
      <class name="com.VMS.TestCases.TC_MapTest">
        <test-method is-config="true" signature="setup()[pri:0, instance:com.VMS.TestCases.TC_MapTest@2187fff7]" started-at="2023-07-21T13:20:09 IST" name="setup" finished-at="2023-07-21T13:20:17 IST" duration-ms="7738" status="PASS">
          <reporter-output>
          </reporter-output>
        </test-method> <!-- setup -->
        <test-method signature="addNewMap()[pri:1, instance:com.VMS.TestCases.TC_MapTest@2187fff7]" started-at="2023-07-21T13:20:17 IST" name="addNewMap" finished-at="2023-07-21T13:20:17 IST" duration-ms="800" status="PASS">
          <reporter-output>
          </reporter-output>
        </test-method> <!-- addNewMap -->
        <test-method signature="addNewMapInVMS()[pri:2, instance:com.VMS.TestCases.TC_MapTest@2187fff7]" started-at="2023-07-21T13:20:17 IST" name="addNewMapInVMS" finished-at="2023-07-21T13:20:19 IST" duration-ms="1886" status="FAIL">
          <exception class="java.lang.AssertionError">
            <message>
              <![CDATA[null]]>
            </message>
            <full-stacktrace>
              <![CDATA[java.lang.AssertionError: null
at org.testng.Assert.fail(Assert.java:99)
at org.testng.Assert.fail(Assert.java:106)
at com.VMS.TestCases.TC_MapTest.addNewMapInVMS(TC_MapTest.java:45)
at java.base/jdk.internal.reflect.DirectMethodHandleAccessor.invoke(DirectMethodHandleAccessor.java:104)
at java.base/java.lang.reflect.Method.invoke(Method.java:577)
at org.testng.internal.MethodInvocationHelper.invokeMethod(MethodInvocationHelper.java:133)
at org.testng.internal.TestInvoker.invokeMethod(TestInvoker.java:598)
at org.testng.internal.TestInvoker.invokeTestMethod(TestInvoker.java:173)
at org.testng.internal.MethodRunner.runInSequence(MethodRunner.java:46)
at org.testng.internal.TestInvoker$MethodInvocationAgent.invoke(TestInvoker.java:824)
at org.testng.internal.TestInvoker.invokeTestMethods(TestInvoker.java:146)
at org.testng.internal.TestMethodWorker.invokeTestMethods(TestMethodWorker.java:146)
at org.testng.internal.TestMethodWorker.run(TestMethodWorker.java:128)
at java.base/java.util.ArrayList.forEach(ArrayList.java:1511)
at org.testng.TestRunner.privateRun(TestRunner.java:794)
at org.testng.TestRunner.run(TestRunner.java:596)
at org.testng.SuiteRunner.runTest(SuiteRunner.java:377)
at org.testng.SuiteRunner.runSequentially(SuiteRunner.java:371)
at org.testng.SuiteRunner.privateRun(SuiteRunner.java:332)
at org.testng.SuiteRunner.run(SuiteRunner.java:276)
at org.testng.SuiteRunnerWorker.runSuite(SuiteRunnerWorker.java:53)
at org.testng.SuiteRunnerWorker.run(SuiteRunnerWorker.java:96)
at org.testng.TestNG.runSuitesSequentially(TestNG.java:1212)
at org.testng.TestNG.runSuitesLocally(TestNG.java:1134)
at org.testng.TestNG.runSuites(TestNG.java:1063)
at org.testng.TestNG.run(TestNG.java:1031)
at org.testng.remote.AbstractRemoteTestNG.run(AbstractRemoteTestNG.java:115)
at org.testng.remote.RemoteTestNG.initAndRun(RemoteTestNG.java:251)
at org.testng.remote.RemoteTestNG.main(RemoteTestNG.java:77)
]]>
            </full-stacktrace>
          </exception> <!-- java.lang.AssertionError -->
          <reporter-output>
          </reporter-output>
        </test-method> <!-- addNewMapInVMS -->
        <test-method is-config="true" signature="tearDown()[pri:0, instance:com.VMS.TestCases.TC_MapTest@2187fff7]" started-at="2023-07-21T13:20:19 IST" name="tearDown" finished-at="2023-07-21T13:20:20 IST" duration-ms="304" status="PASS">
          <reporter-output>
          </reporter-output>
        </test-method> <!-- tearDown -->
      </class> <!-- com.VMS.TestCases.TC_MapTest -->
    </test> <!-- OldVMSVersionSetup(BeforeUpgrade) -->
  </suite> <!-- Suite -->
</testng-results>
